  [1m[35m (401.8ms)[0m  [1m[35mCREATE DATABASE "musicchan_development" ENCODING = 'unicode'[0m
  ↳ bin/rails:9
  [1m[35m (308.5ms)[0m  [1m[35mCREATE DATABASE "musicchan_test" ENCODING = 'unicode'[0m
  ↳ bin/rails:9
  [1m[35m (10.3ms)[0m  [1m[35mCREATE TABLE "schema_migrations" ("version" character varying NOT NULL PRIMARY KEY)[0m
  ↳ bin/rails:9
  [1m[35m (5.4ms)[0m  [1m[35mCREATE TABLE "ar_internal_metadata" ("key" character varying NOT NULL PRIMARY KEY, "value" character varying, "created_at" timestamp NOT NULL, "updated_at" timestamp NOT NULL)[0m
  ↳ bin/rails:9
  [1m[35m (0.7ms)[0m  [1m[34mSELECT pg_try_advisory_lock(821996193099175185)[0m
  ↳ bin/rails:9
  [1m[35m (1.4ms)[0m  [1m[34mSELECT "schema_migrations"."version" FROM "schema_migrations" ORDER BY "schema_migrations"."version" ASC[0m
  ↳ bin/rails:9
Migrating to CreateUsers (20180920174101)
  [1m[35m (0.3ms)[0m  [1m[35mBEGIN[0m
  ↳ bin/rails:9
  [1m[35m (7.3ms)[0m  [1m[35mCREATE TABLE "users" ("id" bigserial primary key, "name_first" character varying, "name_last" character varying, "usertype" integer, "created_at" timestamp NOT NULL, "updated_at" timestamp NOT NULL)[0m
  ↳ db/migrate/20180920174101_create_users.rb:3
  [1m[36mActiveRecord::SchemaMigration Create (0.6ms)[0m  [1m[32mINSERT INTO "schema_migrations" ("version") VALUES ($1) RETURNING "version"[0m  [["version", "20180920174101"]]
  ↳ bin/rails:9
  [1m[35m (0.5ms)[0m  [1m[35mCOMMIT[0m
  ↳ bin/rails:9
Migrating to CreateActiveStorageTables (20180920191055)
  [1m[35m (0.5ms)[0m  [1m[35mBEGIN[0m
  ↳ bin/rails:9
  [1m[35m (5.8ms)[0m  [1m[35mCREATE TABLE "active_storage_blobs" ("id" bigserial primary key, "key" character varying NOT NULL, "filename" character varying NOT NULL, "content_type" character varying, "metadata" text, "byte_size" bigint NOT NULL, "checksum" character varying NOT NULL, "created_at" timestamp NOT NULL)[0m
  ↳ db/migrate/20180920191055_create_active_storage_tables.active_storage.rb:4
  [1m[35m (2.2ms)[0m  [1m[35mCREATE UNIQUE INDEX  "index_active_storage_blobs_on_key" ON "active_storage_blobs"  ("key")[0m
  ↳ db/migrate/20180920191055_create_active_storage_tables.active_storage.rb:4
  [1m[35m (12.9ms)[0m  [1m[35mCREATE TABLE "active_storage_attachments" ("id" bigserial primary key, "name" character varying NOT NULL, "record_type" character varying NOT NULL, "record_id" bigint NOT NULL, "blob_id" bigint NOT NULL, "created_at" timestamp NOT NULL)[0m
  ↳ db/migrate/20180920191055_create_active_storage_tables.active_storage.rb:16
  [1m[35m (1.3ms)[0m  [1m[35mCREATE  INDEX  "index_active_storage_attachments_on_blob_id" ON "active_storage_attachments"  ("blob_id")[0m
  ↳ db/migrate/20180920191055_create_active_storage_tables.active_storage.rb:16
  [1m[35m (2.3ms)[0m  [1m[35mCREATE UNIQUE INDEX  "index_active_storage_attachments_uniqueness" ON "active_storage_attachments"  ("record_type", "record_id", "name", "blob_id")[0m
  ↳ db/migrate/20180920191055_create_active_storage_tables.active_storage.rb:16
  [1m[36mActiveRecord::SchemaMigration Create (0.9ms)[0m  [1m[32mINSERT INTO "schema_migrations" ("version") VALUES ($1) RETURNING "version"[0m  [["version", "20180920191055"]]
  ↳ bin/rails:9
  [1m[35m (0.8ms)[0m  [1m[35mCOMMIT[0m
  ↳ bin/rails:9
Migrating to CreateSongs (20180925141011)
  [1m[35m (0.9ms)[0m  [1m[35mBEGIN[0m
  ↳ bin/rails:9
  [1m[35mSQL (70.5ms)[0m  [1m[35mCREATE EXTENSION IF NOT EXISTS "hstore"[0m
  ↳ db/migrate/20180925141011_create_songs.rb:3
  [1m[35m (6.0ms)[0m  [1m[35mCREATE TABLE "songs" ("id" bigserial primary key, "title" character varying NOT NULL, "user_id" integer, "songdata" text[] DEFAULT '{}', "created_at" timestamp NOT NULL, "updated_at" timestamp NOT NULL)[0m
  ↳ db/migrate/20180925141011_create_songs.rb:4
  [1m[36mActiveRecord::SchemaMigration Create (0.5ms)[0m  [1m[32mINSERT INTO "schema_migrations" ("version") VALUES ($1) RETURNING "version"[0m  [["version", "20180925141011"]]
  ↳ bin/rails:9
  [1m[35m (2.0ms)[0m  [1m[35mCOMMIT[0m
  ↳ bin/rails:9
  [1m[36mActiveRecord::InternalMetadata Load (1.3ms)[0m  [1m[34mSELECT  "ar_internal_metadata".* FROM "ar_internal_metadata" WHERE "ar_internal_metadata"."key" = $1 LIMIT $2[0m  [["key", "environment"], ["LIMIT", 1]]
  ↳ bin/rails:9
  [1m[35m (0.3ms)[0m  [1m[35mBEGIN[0m
  ↳ bin/rails:9
  [1m[36mActiveRecord::InternalMetadata Create (1.2ms)[0m  [1m[32mINSERT INTO "ar_internal_metadata" ("key", "value", "created_at", "updated_at") VALUES ($1, $2, $3, $4) RETURNING "key"[0m  [["key", "environment"], ["value", "development"], ["created_at", "2018-10-15 00:48:37.058606"], ["updated_at", "2018-10-15 00:48:37.058606"]]
  ↳ bin/rails:9
  [1m[35m (0.7ms)[0m  [1m[35mCOMMIT[0m
  ↳ bin/rails:9
  [1m[35m (0.5ms)[0m  [1m[34mSELECT pg_advisory_unlock(821996193099175185)[0m
  ↳ bin/rails:9
  [1m[35m (0.9ms)[0m  [1m[34mSELECT "schema_migrations"."version" FROM "schema_migrations" ORDER BY "schema_migrations"."version" ASC[0m
  ↳ bin/rails:9
  [1m[35m (1.6ms)[0m  [1m[34mSELECT "schema_migrations"."version" FROM "schema_migrations" ORDER BY "schema_migrations"."version" ASC[0m
  ↳ bin/rails:9
Started GET "/" for ::1 at 2018-10-14 20:49:19 -0400
  [1m[35m (1.8ms)[0m  [1m[34mSELECT "schema_migrations"."version" FROM "schema_migrations" ORDER BY "schema_migrations"."version" ASC[0m
  ↳ /Users/alexneustein/.rvm/gems/ruby-2.3.3/gems/activerecord-5.2.1/lib/active_record/log_subscriber.rb:98
Processing by Rails::WelcomeController#index as HTML
  Rendering /Users/alexneustein/.rvm/gems/ruby-2.3.3/gems/railties-5.2.1/lib/rails/templates/rails/welcome/index.html.erb
  Rendered /Users/alexneustein/.rvm/gems/ruby-2.3.3/gems/railties-5.2.1/lib/rails/templates/rails/welcome/index.html.erb (15.6ms)
Completed 200 OK in 42ms (Views: 36.9ms | ActiveRecord: 0.0ms)


Started GET "/favicon.ico" for ::1 at 2018-10-14 20:49:20 -0400
  
ActionController::RoutingError (No route matches [GET] "/favicon.ico"):
  
actionpack (5.2.1) lib/action_dispatch/middleware/debug_exceptions.rb:65:in `call'
actionpack (5.2.1) lib/action_dispatch/middleware/show_exceptions.rb:33:in `call'
railties (5.2.1) lib/rails/rack/logger.rb:38:in `call_app'
railties (5.2.1) lib/rails/rack/logger.rb:26:in `block in call'
activesupport (5.2.1) lib/active_support/tagged_logging.rb:71:in `block in tagged'
activesupport (5.2.1) lib/active_support/tagged_logging.rb:28:in `tagged'
activesupport (5.2.1) lib/active_support/tagged_logging.rb:71:in `tagged'
railties (5.2.1) lib/rails/rack/logger.rb:26:in `call'
actionpack (5.2.1) lib/action_dispatch/middleware/remote_ip.rb:81:in `call'
actionpack (5.2.1) lib/action_dispatch/middleware/request_id.rb:27:in `call'
rack (2.0.5) lib/rack/runtime.rb:22:in `call'
activesupport (5.2.1) lib/active_support/cache/strategy/local_cache_middleware.rb:29:in `call'
actionpack (5.2.1) lib/action_dispatch/middleware/executor.rb:14:in `call'
actionpack (5.2.1) lib/action_dispatch/middleware/static.rb:127:in `call'
rack (2.0.5) lib/rack/sendfile.rb:111:in `call'
rack-cors (1.0.2) lib/rack/cors.rb:97:in `call'
railties (5.2.1) lib/rails/engine.rb:524:in `call'
puma (3.12.0) lib/puma/configuration.rb:225:in `call'
puma (3.12.0) lib/puma/server.rb:658:in `handle_request'
puma (3.12.0) lib/puma/server.rb:472:in `process_client'
puma (3.12.0) lib/puma/server.rb:332:in `block in run'
puma (3.12.0) lib/puma/thread_pool.rb:133:in `block in spawn_thread'
Started GET "/users" for ::1 at 2018-10-14 20:49:23 -0400
Processing by UsersController#index as HTML
  [1m[36mUser Load (1.9ms)[0m  [1m[34mSELECT "users".* FROM "users"[0m
  ↳ app/controllers/users_controller.rb:7
[active_model_serializers] Rendered ActiveModel::Serializer::CollectionSerializer with ActiveModelSerializers::Adapter::Attributes (0.26ms)
Completed 200 OK in 49ms (Views: 22.6ms | ActiveRecord: 10.5ms)


Started GET "/songs" for ::1 at 2018-10-14 20:49:27 -0400
Processing by SongsController#index as HTML
  [1m[36mSong Load (0.9ms)[0m  [1m[34mSELECT "songs".* FROM "songs"[0m
  ↳ app/controllers/songs_controller.rb:7
[active_model_serializers] Rendered ActiveModel::Serializer::CollectionSerializer with ActiveModelSerializers::Adapter::Attributes (0.16ms)
Completed 200 OK in 24ms (Views: 4.6ms | ActiveRecord: 4.7ms)


Started GET "/users/1" for ::1 at 2018-10-14 20:54:04 -0400
Processing by UsersController#show as */*
  Parameters: {"id"=>"1"}
  [1m[36mUser Load (2.0ms)[0m  [1m[34mSELECT  "users".* FROM "users" WHERE "users"."id" = $1 LIMIT $2[0m  [["id", 1], ["LIMIT", 1]]
  ↳ app/controllers/users_controller.rb:34
Completed 404 Not Found in 49ms (ActiveRecord: 10.2ms)


  
ActiveRecord::RecordNotFound (Couldn't find User with 'id'=1):
  
app/controllers/users_controller.rb:34:in `set_user'
Started GET "/cable" for ::1 at 2018-10-14 20:54:04 -0400
Started GET "/messages/" for ::1 at 2018-10-14 20:54:04 -0400
  
ActionController::RoutingError (No route matches [GET] "/messages"):
  
actionpack (5.2.1) lib/action_dispatch/middleware/debug_exceptions.rb:65:in `call'
actionpack (5.2.1) lib/action_dispatch/middleware/show_exceptions.rb:33:in `call'
railties (5.2.1) lib/rails/rack/logger.rb:38:in `call_app'
railties (5.2.1) lib/rails/rack/logger.rb:26:in `block in call'
activesupport (5.2.1) lib/active_support/tagged_logging.rb:71:in `block in tagged'
activesupport (5.2.1) lib/active_support/tagged_logging.rb:28:in `tagged'
activesupport (5.2.1) lib/active_support/tagged_logging.rb:71:in `tagged'
railties (5.2.1) lib/rails/rack/logger.rb:26:in `call'
actionpack (5.2.1) lib/action_dispatch/middleware/remote_ip.rb:81:in `call'
actionpack (5.2.1) lib/action_dispatch/middleware/request_id.rb:27:in `call'
rack (2.0.5) lib/rack/runtime.rb:22:in `call'
activesupport (5.2.1) lib/active_support/cache/strategy/local_cache_middleware.rb:29:in `call'
actionpack (5.2.1) lib/action_dispatch/middleware/executor.rb:14:in `call'
actionpack (5.2.1) lib/action_dispatch/middleware/static.rb:127:in `call'
rack (2.0.5) lib/rack/sendfile.rb:111:in `call'
rack-cors (1.0.2) lib/rack/cors.rb:97:in `call'
railties (5.2.1) lib/rails/engine.rb:524:in `call'
puma (3.12.0) lib/puma/configuration.rb:225:in `call'
puma (3.12.0) lib/puma/server.rb:658:in `handle_request'
puma (3.12.0) lib/puma/server.rb:472:in `process_client'
puma (3.12.0) lib/puma/server.rb:332:in `block in run'
puma (3.12.0) lib/puma/thread_pool.rb:133:in `block in spawn_thread'
Started GET "/cable/" [WebSocket] for ::1 at 2018-10-14 20:54:04 -0400
Successfully upgraded to WebSocket (REQUEST_METHOD: GET, HTTP_CONNECTION: Upgrade, HTTP_UPGRADE: websocket)
Finished "/cable/" [WebSocket] for ::1 at 2018-10-14 20:54:05 -0400
Started GET "/cable" for ::1 at 2018-10-14 20:54:05 -0400
Started GET "/cable/" [WebSocket] for ::1 at 2018-10-14 20:54:05 -0400
Successfully upgraded to WebSocket (REQUEST_METHOD: GET, HTTP_CONNECTION: Upgrade, HTTP_UPGRADE: websocket)
  [1m[36mUser Load (0.4ms)[0m  [1m[34mSELECT  "users".* FROM "users" LIMIT $1[0m  [["LIMIT", 11]]
  [1m[35m (0.2ms)[0m  [1m[34mSELECT pg_try_advisory_lock(821996193099175185)[0m
  ↳ bin/rails:9
  [1m[35m (1.1ms)[0m  [1m[34mSELECT "schema_migrations"."version" FROM "schema_migrations" ORDER BY "schema_migrations"."version" ASC[0m
  ↳ bin/rails:9
Migrating to CreateMessages (20180822141152)
  [1m[35m (0.2ms)[0m  [1m[35mBEGIN[0m
  ↳ bin/rails:9
  [1m[35m (6.1ms)[0m  [1m[35mCREATE TABLE "messages" ("id" bigserial primary key, "content" character varying, "user_id" integer, "channel_id" integer, "created_at" timestamp NOT NULL, "updated_at" timestamp NOT NULL)[0m
  ↳ db/migrate/20180822141152_create_messages.rb:3
  [1m[36mActiveRecord::SchemaMigration Create (0.5ms)[0m  [1m[32mINSERT INTO "schema_migrations" ("version") VALUES ($1) RETURNING "version"[0m  [["version", "20180822141152"]]
  ↳ bin/rails:9
  [1m[35m (0.6ms)[0m  [1m[35mCOMMIT[0m
  ↳ bin/rails:9
Migrating to CreateChannels (20180822141201)
  [1m[35m (0.3ms)[0m  [1m[35mBEGIN[0m
  ↳ bin/rails:9
  [1m[35m (4.1ms)[0m  [1m[35mCREATE TABLE "channels" ("id" bigserial primary key, "name" character varying, "created_at" timestamp NOT NULL, "updated_at" timestamp NOT NULL)[0m
  ↳ db/migrate/20180822141201_create_channels.rb:3
  [1m[36mActiveRecord::SchemaMigration Create (0.3ms)[0m  [1m[32mINSERT INTO "schema_migrations" ("version") VALUES ($1) RETURNING "version"[0m  [["version", "20180822141201"]]
  ↳ bin/rails:9
  [1m[35m (0.4ms)[0m  [1m[35mCOMMIT[0m
  ↳ bin/rails:9
Migrating to ChangeColumnUserIdToUsername (20180824135731)
  [1m[35m (0.3ms)[0m  [1m[35mBEGIN[0m
  ↳ bin/rails:9
  [1m[35m (48.4ms)[0m  [1m[35mALTER TABLE "messages" ALTER COLUMN "user_id" TYPE character varying[0m
  ↳ db/migrate/20180824135731_change_column_user_id_to_username.rb.rb:3
  [1m[35m (0.5ms)[0m  [1m[35mALTER TABLE "messages" RENAME COLUMN "user_id" TO "username"[0m
  ↳ db/migrate/20180824135731_change_column_user_id_to_username.rb.rb:4
  [1m[36mActiveRecord::SchemaMigration Create (0.5ms)[0m  [1m[32mINSERT INTO "schema_migrations" ("version") VALUES ($1) RETURNING "version"[0m  [["version", "20180824135731"]]
  ↳ bin/rails:9
  [1m[35m (2.2ms)[0m  [1m[35mCOMMIT[0m
  ↳ bin/rails:9
Migrating to AddUsernameToUsers (20181001012859)
  [1m[35m (0.3ms)[0m  [1m[35mBEGIN[0m
  ↳ bin/rails:9
  [1m[35m (0.8ms)[0m  [1m[35mALTER TABLE "users" ADD "username" character varying[0m
  ↳ db/migrate/20181001012859_add_username_to_users.rb:3
  [1m[36mActiveRecord::SchemaMigration Create (0.5ms)[0m  [1m[32mINSERT INTO "schema_migrations" ("version") VALUES ($1) RETURNING "version"[0m  [["version", "20181001012859"]]
  ↳ bin/rails:9
  [1m[35m (0.4ms)[0m  [1m[35mCOMMIT[0m
  ↳ bin/rails:9
Migrating to AddIdentifierToUsers (20181001012860)
  [1m[35m (0.1ms)[0m  [1m[35mBEGIN[0m
  ↳ bin/rails:9
  [1m[35m (0.4ms)[0m  [1m[35mALTER TABLE "users" ADD "identifier" character varying[0m
  ↳ db/migrate/20181001012860_add_identifier_to_users.rb:3
  [1m[36mActiveRecord::SchemaMigration Create (0.6ms)[0m  [1m[32mINSERT INTO "schema_migrations" ("version") VALUES ($1) RETURNING "version"[0m  [["version", "20181001012860"]]
  ↳ bin/rails:9
  [1m[35m (0.5ms)[0m  [1m[35mCOMMIT[0m
  ↳ bin/rails:9
Migrating to ChangeColumnUsernameToUserId (20181001135731)
  [1m[35m (0.2ms)[0m  [1m[35mBEGIN[0m
  ↳ bin/rails:9
  [1m[35m (0.6ms)[0m  [1m[35mALTER TABLE "messages" ALTER COLUMN "username" TYPE character varying[0m
  ↳ db/migrate/20181001135731_change_column_username_to_user_id.rb:3
  [1m[35m (0.5ms)[0m  [1m[35mALTER TABLE "messages" RENAME COLUMN "username" TO "user_id"[0m
  ↳ db/migrate/20181001135731_change_column_username_to_user_id.rb:4
  [1m[36mActiveRecord::SchemaMigration Create (0.5ms)[0m  [1m[32mINSERT INTO "schema_migrations" ("version") VALUES ($1) RETURNING "version"[0m  [["version", "20181001135731"]]
  ↳ bin/rails:9
  [1m[35m (0.5ms)[0m  [1m[35mCOMMIT[0m
  ↳ bin/rails:9
  [1m[36mActiveRecord::InternalMetadata Load (0.8ms)[0m  [1m[34mSELECT  "ar_internal_metadata".* FROM "ar_internal_metadata" WHERE "ar_internal_metadata"."key" = $1 LIMIT $2[0m  [["key", "environment"], ["LIMIT", 1]]
  ↳ bin/rails:9
  [1m[35m (0.2ms)[0m  [1m[35mBEGIN[0m
  ↳ bin/rails:9
  [1m[35m (0.1ms)[0m  [1m[35mCOMMIT[0m
  ↳ bin/rails:9
  [1m[35m (0.2ms)[0m  [1m[34mSELECT pg_advisory_unlock(821996193099175185)[0m
  ↳ bin/rails:9
  [1m[35m (0.3ms)[0m  [1m[34mSELECT "schema_migrations"."version" FROM "schema_migrations" ORDER BY "schema_migrations"."version" ASC[0m
  ↳ bin/rails:9
  [1m[35m (0.9ms)[0m  [1m[34mSELECT "schema_migrations"."version" FROM "schema_migrations" ORDER BY "schema_migrations"."version" ASC[0m
  ↳ bin/rails:9
Started GET "/cable" for ::1 at 2018-10-14 20:57:41 -0400
  [1m[35m (0.9ms)[0m  [1m[34mSELECT "schema_migrations"."version" FROM "schema_migrations" ORDER BY "schema_migrations"."version" ASC[0m
  ↳ /Users/alexneustein/.rvm/gems/ruby-2.3.3/gems/activerecord-5.2.1/lib/active_record/log_subscriber.rb:98
Started GET "/cable/" [WebSocket] for ::1 at 2018-10-14 20:57:41 -0400
Successfully upgraded to WebSocket (REQUEST_METHOD: GET, HTTP_CONNECTION: Upgrade, HTTP_UPGRADE: websocket)
Finished "/cable/" [WebSocket] for ::1 at 2018-10-14 20:57:45 -0400
Started GET "/users/1" for ::1 at 2018-10-14 20:57:46 -0400
Processing by UsersController#show as */*
  Parameters: {"id"=>"1"}
  [1m[36mUser Load (1.6ms)[0m  [1m[34mSELECT  "users".* FROM "users" WHERE "users"."id" = $1 LIMIT $2[0m  [["id", 1], ["LIMIT", 1]]
  ↳ app/controllers/users_controller.rb:43
Completed 404 Not Found in 95ms (ActiveRecord: 53.7ms)


  
ActiveRecord::RecordNotFound (Couldn't find User with 'id'=1):
  
app/controllers/users_controller.rb:43:in `set_user'
Started GET "/cable" for ::1 at 2018-10-14 20:57:46 -0400
Started GET "/messages/" for ::1 at 2018-10-14 20:57:46 -0400
Processing by MessagesController#index as */*
  [1m[36mMessage Load (3.4ms)[0m  [1m[34mSELECT "messages".* FROM "messages"[0m
  ↳ app/controllers/messages_controller.rb:8
[active_model_serializers] Rendered ActiveModel::Serializer::CollectionSerializer with ActiveModelSerializers::Adapter::Attributes (0.23ms)
Completed 200 OK in 32ms (Views: 14.7ms | ActiveRecord: 7.1ms)


Started GET "/cable/" [WebSocket] for ::1 at 2018-10-14 20:57:46 -0400
Successfully upgraded to WebSocket (REQUEST_METHOD: GET, HTTP_CONNECTION: Upgrade, HTTP_UPGRADE: websocket)
Subscription class not found: "PianoChannel"
Subscription class not found: "PianoChannel"
RoomChannel is transmitting the subscription confirmation
RoomChannel is streaming from room_channel
Started GET "/songs/" for ::1 at 2018-10-14 20:57:55 -0400
Processing by SongsController#index as */*
  [1m[36mSong Load (0.9ms)[0m  [1m[34mSELECT "songs".* FROM "songs"[0m
  ↳ app/controllers/songs_controller.rb:7
[active_model_serializers] Rendered ActiveModel::Serializer::CollectionSerializer with ActiveModelSerializers::Adapter::Attributes (0.08ms)
Completed 200 OK in 8ms (Views: 2.3ms | ActiveRecord: 3.7ms)


Started GET "/songs/" for ::1 at 2018-10-14 20:57:57 -0400
Processing by SongsController#index as */*
  [1m[36mSong Load (0.4ms)[0m  [1m[34mSELECT "songs".* FROM "songs"[0m
  ↳ app/controllers/songs_controller.rb:7
[active_model_serializers] Rendered ActiveModel::Serializer::CollectionSerializer with ActiveModelSerializers::Adapter::Attributes (0.11ms)
Completed 200 OK in 2ms (Views: 1.6ms | ActiveRecord: 0.4ms)


Finished "/cable/" [WebSocket] for ::1 at 2018-10-14 20:59:19 -0400
RoomChannel stopped streaming from room_channel
Started GET "/users/1" for ::1 at 2018-10-14 20:59:19 -0400
Processing by UsersController#show as */*
  Parameters: {"id"=>"1"}
  [1m[36mUser Load (0.6ms)[0m  [1m[34mSELECT  "users".* FROM "users" WHERE "users"."id" = $1 LIMIT $2[0m  [["id", 1], ["LIMIT", 1]]
  ↳ app/controllers/users_controller.rb:43
Completed 404 Not Found in 3ms (ActiveRecord: 0.9ms)


  
ActiveRecord::RecordNotFound (Couldn't find User with 'id'=1):
  
app/controllers/users_controller.rb:43:in `set_user'
Started GET "/cable" for ::1 at 2018-10-14 20:59:19 -0400
Started GET "/cable/" [WebSocket] for ::1 at 2018-10-14 20:59:19 -0400
Successfully upgraded to WebSocket (REQUEST_METHOD: GET, HTTP_CONNECTION: Upgrade, HTTP_UPGRADE: websocket)
Started GET "/messages/" for ::1 at 2018-10-14 20:59:19 -0400
Processing by MessagesController#index as */*
  [1m[36mMessage Load (1.0ms)[0m  [1m[34mSELECT "messages".* FROM "messages"[0m
  ↳ app/controllers/messages_controller.rb:8
[active_model_serializers] Rendered ActiveModel::Serializer::CollectionSerializer with ActiveModelSerializers::Adapter::Attributes (0.06ms)
Completed 200 OK in 3ms (Views: 1.5ms | ActiveRecord: 1.0ms)


Subscription class not found: "PianoChannel"
Subscription class not found: "PianoChannel"
RoomChannel is transmitting the subscription confirmation
RoomChannel is streaming from room_channel
Finished "/cable/" [WebSocket] for ::1 at 2018-10-14 21:00:13 -0400
RoomChannel stopped streaming from room_channel
Started GET "/users/1" for ::1 at 2018-10-14 21:00:13 -0400
Processing by UsersController#show as */*
  Parameters: {"id"=>"1"}
  [1m[36mUser Load (0.4ms)[0m  [1m[34mSELECT  "users".* FROM "users" WHERE "users"."id" = $1 LIMIT $2[0m  [["id", 1], ["LIMIT", 1]]
  ↳ app/controllers/users_controller.rb:43
Completed 404 Not Found in 2ms (ActiveRecord: 0.4ms)


  
ActiveRecord::RecordNotFound (Couldn't find User with 'id'=1):
  
app/controllers/users_controller.rb:43:in `set_user'
Started GET "/cable" for ::1 at 2018-10-14 21:00:13 -0400
Started GET "/cable/" [WebSocket] for ::1 at 2018-10-14 21:00:13 -0400
Started GET "/messages/" for ::1 at 2018-10-14 21:00:13 -0400
Successfully upgraded to WebSocket (REQUEST_METHOD: GET, HTTP_CONNECTION: Upgrade, HTTP_UPGRADE: websocket)
Processing by MessagesController#index as */*
  [1m[36mMessage Load (0.9ms)[0m  [1m[34mSELECT "messages".* FROM "messages"[0m
  ↳ app/controllers/messages_controller.rb:8
[active_model_serializers] Rendered ActiveModel::Serializer::CollectionSerializer with ActiveModelSerializers::Adapter::Attributes (0.08ms)
Completed 200 OK in 4ms (Views: 2.0ms | ActiveRecord: 0.9ms)


Subscription class not found: "PianoChannel"
Subscription class not found: "PianoChannel"
RoomChannel is transmitting the subscription confirmation
RoomChannel is streaming from room_channel
  [1m[36mUser Load (0.5ms)[0m  [1m[34mSELECT  "users".* FROM "users" LIMIT $1[0m  [["LIMIT", 11]]
  [1m[35m (0.2ms)[0m  [1m[35mBEGIN[0m
  [1m[36mUser Create (1.4ms)[0m  [1m[32mINSERT INTO "users" ("created_at", "updated_at") VALUES ($1, $2) RETURNING "id"[0m  [["created_at", "2018-10-15 01:01:54.182527"], ["updated_at", "2018-10-15 01:01:54.182527"]]
  [1m[35m (0.5ms)[0m  [1m[35mCOMMIT[0m
Finished "/cable/" [WebSocket] for ::1 at 2018-10-14 21:02:23 -0400
RoomChannel stopped streaming from room_channel
Started GET "/users/1" for ::1 at 2018-10-14 21:02:23 -0400
Processing by UsersController#show as */*
  Parameters: {"id"=>"1"}
  [1m[36mUser Load (1.0ms)[0m  [1m[34mSELECT  "users".* FROM "users" WHERE "users"."id" = $1 LIMIT $2[0m  [["id", 1], ["LIMIT", 1]]
  ↳ app/controllers/users_controller.rb:43
Started GET "/cable" for ::1 at 2018-10-14 21:02:24 -0400
Started GET "/messages/" for ::1 at 2018-10-14 21:02:24 -0400
Started GET "/cable/" [WebSocket] for ::1 at 2018-10-14 21:02:24 -0400
Processing by MessagesController#index as */*
Successfully upgraded to WebSocket (REQUEST_METHOD: GET, HTTP_CONNECTION: Upgrade, HTTP_UPGRADE: websocket)
  [1m[36mMessage Load (10.4ms)[0m  [1m[34mSELECT "messages".* FROM "messages"[0m
  ↳ app/controllers/messages_controller.rb:8
[active_model_serializers] Rendered ActiveModel::Serializer::CollectionSerializer with ActiveModelSerializers::Adapter::Attributes (0.12ms)
Completed 200 OK in 23ms (Views: 12.2ms | ActiveRecord: 10.4ms)


[active_model_serializers]   [1m[36mMessage Load (0.5ms)[0m  [1m[34mSELECT "messages".* FROM "messages" WHERE "messages"."user_id" = $1[0m  [["user_id", "1"]]
[active_model_serializers]   ↳ app/controllers/users_controller.rb:11
[active_model_serializers]   [1m[36mChannel Load (1.5ms)[0m  [1m[34mSELECT "channels".* FROM "channels" INNER JOIN "messages" ON "channels"."id" = "messages"."channel_id" WHERE "messages"."user_id" = $1[0m  [["user_id", "1"]]
[active_model_serializers]   ↳ app/controllers/users_controller.rb:11
[active_model_serializers] Rendered UserSerializer with ActiveModelSerializers::Adapter::Attributes (117.9ms)
Completed 200 OK in 189ms (Views: 144.8ms | ActiveRecord: 20.1ms)


Subscription class not found: "PianoChannel"
Subscription class not found: "PianoChannel"
RoomChannel is transmitting the subscription confirmation
RoomChannel is streaming from room_channel
  [1m[36mUser Load (0.6ms)[0m  [1m[34mSELECT  "users".* FROM "users" ORDER BY "users"."id" DESC LIMIT $1[0m  [["LIMIT", 1]]
  [1m[36mUser Load (0.5ms)[0m  [1m[34mSELECT  "users".* FROM "users" ORDER BY "users"."id" DESC LIMIT $1[0m  [["LIMIT", 1]]
Finished "/cable/" [WebSocket] for ::1 at 2018-10-14 21:05:37 -0400
RoomChannel stopped streaming from room_channel
Started GET "/users/1" for ::1 at 2018-10-14 21:05:37 -0400
Processing by UsersController#show as */*
  Parameters: {"id"=>"1"}
  [1m[36mUser Load (0.6ms)[0m  [1m[34mSELECT  "users".* FROM "users" WHERE "users"."id" = $1 LIMIT $2[0m  [["id", 1], ["LIMIT", 1]]
  ↳ app/controllers/users_controller.rb:43
[active_model_serializers]   [1m[36mMessage Load (0.5ms)[0m  [1m[34mSELECT "messages".* FROM "messages" WHERE "messages"."user_id" = $1[0m  [["user_id", "1"]]
[active_model_serializers]   ↳ app/controllers/users_controller.rb:11
[active_model_serializers]   [1m[36mChannel Load (0.7ms)[0m  [1m[34mSELECT "channels".* FROM "channels" INNER JOIN "messages" ON "channels"."id" = "messages"."channel_id" WHERE "messages"."user_id" = $1[0m  [["user_id", "1"]]
[active_model_serializers]   ↳ app/controllers/users_controller.rb:11
[active_model_serializers] Rendered UserSerializer with ActiveModelSerializers::Adapter::Attributes (4.58ms)
Completed 200 OK in 8ms (Views: 4.2ms | ActiveRecord: 1.7ms)


Started GET "/cable" for ::1 at 2018-10-14 21:05:37 -0400
Started GET "/cable/" [WebSocket] for ::1 at 2018-10-14 21:05:37 -0400
Started GET "/messages/" for ::1 at 2018-10-14 21:05:37 -0400
Successfully upgraded to WebSocket (REQUEST_METHOD: GET, HTTP_CONNECTION: Upgrade, HTTP_UPGRADE: websocket)
Processing by MessagesController#index as */*
  [1m[36mMessage Load (0.5ms)[0m  [1m[34mSELECT "messages".* FROM "messages"[0m
  ↳ app/controllers/messages_controller.rb:8
[active_model_serializers] Rendered ActiveModel::Serializer::CollectionSerializer with ActiveModelSerializers::Adapter::Attributes (0.08ms)
Completed 200 OK in 2ms (Views: 1.4ms | ActiveRecord: 0.5ms)


Subscription class not found: "PianoChannel"
Subscription class not found: "PianoChannel"
RoomChannel is transmitting the subscription confirmation
RoomChannel is streaming from room_channel
Started GET "/songs/" for ::1 at 2018-10-14 21:05:52 -0400
Processing by SongsController#index as */*
  [1m[36mSong Load (0.8ms)[0m  [1m[34mSELECT "songs".* FROM "songs"[0m
  ↳ app/controllers/songs_controller.rb:7
[active_model_serializers] Rendered ActiveModel::Serializer::CollectionSerializer with ActiveModelSerializers::Adapter::Attributes (0.11ms)
Completed 200 OK in 3ms (Views: 1.9ms | ActiveRecord: 0.8ms)


RoomChannel#onChat({"message"=>{"user"=>{"id"=>1, "username"=>"aneustein", "name_first"=>"Alex", "name_last"=>"Neustein", "messages"=>[], "channels"=>[]}, "content"=>"hi!"}})
[ActionCable] Broadcasting to room_channel: {:message=>{"message"=>{"user"=>{"id"=>1, "username"=>"aneustein", "name_first"=>"Alex", "name_last"=>"Neustein", "messages"=>[], "channels"=>[]}, "content"=>"hi!"}, "action"=>"onChat"}}
RoomChannel transmitting {"message"=>{"message"=>{"user"=>{"id"=>1, "username"=>"aneustein", "name_first"=>"Alex", "name_last"=>"Neustein", "messages"=>[], "channels"=>[]}, "content"=>"hi!"}, "action"=>"onChat"}} (via streamed from room_channel)
Finished "/cable/" [WebSocket] for ::1 at 2018-10-14 21:07:35 -0400
RoomChannel stopped streaming from room_channel
Started GET "/users/1" for ::1 at 2018-10-14 21:07:35 -0400
Processing by UsersController#show as */*
  Parameters: {"id"=>"1"}
  [1m[36mUser Load (0.5ms)[0m  [1m[34mSELECT  "users".* FROM "users" WHERE "users"."id" = $1 LIMIT $2[0m  [["id", 1], ["LIMIT", 1]]
  ↳ app/controllers/users_controller.rb:43
[active_model_serializers]   [1m[36mMessage Load (0.3ms)[0m  [1m[34mSELECT "messages".* FROM "messages" WHERE "messages"."user_id" = $1[0m  [["user_id", "1"]]
[active_model_serializers]   ↳ app/controllers/users_controller.rb:11
[active_model_serializers]   [1m[36mChannel Load (1.1ms)[0m  [1m[34mSELECT "channels".* FROM "channels" INNER JOIN "messages" ON "channels"."id" = "messages"."channel_id" WHERE "messages"."user_id" = $1[0m  [["user_id", "1"]]
[active_model_serializers]   ↳ app/controllers/users_controller.rb:11
[active_model_serializers] Rendered UserSerializer with ActiveModelSerializers::Adapter::Attributes (6.07ms)
Completed 200 OK in 9ms (Views: 5.1ms | ActiveRecord: 2.0ms)


Started GET "/cable" for ::1 at 2018-10-14 21:07:35 -0400
Started GET "/cable/" [WebSocket] for ::1 at 2018-10-14 21:07:35 -0400
Started GET "/messages/" for ::1 at 2018-10-14 21:07:35 -0400
Successfully upgraded to WebSocket (REQUEST_METHOD: GET, HTTP_CONNECTION: Upgrade, HTTP_UPGRADE: websocket)
Processing by MessagesController#index as */*
  [1m[36mMessage Load (0.4ms)[0m  [1m[34mSELECT "messages".* FROM "messages"[0m
  ↳ app/controllers/messages_controller.rb:8
[active_model_serializers] Rendered ActiveModel::Serializer::CollectionSerializer with ActiveModelSerializers::Adapter::Attributes (0.09ms)
Completed 200 OK in 2ms (Views: 1.1ms | ActiveRecord: 0.4ms)


Subscription class not found: "PianoChannel"
Subscription class not found: "PianoChannel"
RoomChannel is transmitting the subscription confirmation
RoomChannel is streaming from room_channel
Finished "/cable/" [WebSocket] for ::1 at 2018-10-14 21:07:56 -0400
RoomChannel stopped streaming from room_channel
Started GET "/users/1" for ::1 at 2018-10-14 21:09:07 -0400
Processing by UsersController#show as */*
  Parameters: {"id"=>"1"}
  [1m[36mUser Load (0.6ms)[0m  [1m[34mSELECT  "users".* FROM "users" WHERE "users"."id" = $1 LIMIT $2[0m  [["id", 1], ["LIMIT", 1]]
  ↳ app/controllers/users_controller.rb:43
[active_model_serializers]   [1m[36mMessage Load (0.4ms)[0m  [1m[34mSELECT "messages".* FROM "messages" WHERE "messages"."user_id" = $1[0m  [["user_id", "1"]]
[active_model_serializers]   ↳ app/controllers/users_controller.rb:11
[active_model_serializers]   [1m[36mChannel Load (0.6ms)[0m  [1m[34mSELECT "channels".* FROM "channels" INNER JOIN "messages" ON "channels"."id" = "messages"."channel_id" WHERE "messages"."user_id" = $1[0m  [["user_id", "1"]]
[active_model_serializers]   ↳ app/controllers/users_controller.rb:11
[active_model_serializers] Rendered UserSerializer with ActiveModelSerializers::Adapter::Attributes (4.82ms)
Completed 200 OK in 8ms (Views: 4.6ms | ActiveRecord: 1.5ms)


Started GET "/cable" for ::1 at 2018-10-14 21:09:07 -0400
Started GET "/cable/" [WebSocket] for ::1 at 2018-10-14 21:09:07 -0400
Successfully upgraded to WebSocket (REQUEST_METHOD: GET, HTTP_CONNECTION: Upgrade, HTTP_UPGRADE: websocket)
Started GET "/messages/" for ::1 at 2018-10-14 21:09:07 -0400
Processing by MessagesController#index as */*
  [1m[36mMessage Load (1.1ms)[0m  [1m[34mSELECT "messages".* FROM "messages"[0m
  ↳ app/controllers/messages_controller.rb:8
[active_model_serializers] Rendered ActiveModel::Serializer::CollectionSerializer with ActiveModelSerializers::Adapter::Attributes (0.11ms)
Completed 200 OK in 4ms (Views: 2.2ms | ActiveRecord: 1.1ms)


Subscription class not found: "PianoChannel"
Subscription class not found: "PianoChannel"
RoomChannel is transmitting the subscription confirmation
RoomChannel is streaming from room_channel
Finished "/cable/" [WebSocket] for ::1 at 2018-10-14 21:09:36 -0400
RoomChannel stopped streaming from room_channel
Started GET "/users/1" for ::1 at 2018-10-14 21:09:37 -0400
Processing by UsersController#show as */*
  Parameters: {"id"=>"1"}
  [1m[36mUser Load (0.4ms)[0m  [1m[34mSELECT  "users".* FROM "users" WHERE "users"."id" = $1 LIMIT $2[0m  [["id", 1], ["LIMIT", 1]]
  ↳ app/controllers/users_controller.rb:43
[active_model_serializers]   [1m[36mMessage Load (0.4ms)[0m  [1m[34mSELECT "messages".* FROM "messages" WHERE "messages"."user_id" = $1[0m  [["user_id", "1"]]
[active_model_serializers]   ↳ app/controllers/users_controller.rb:11
[active_model_serializers]   [1m[36mChannel Load (0.8ms)[0m  [1m[34mSELECT "channels".* FROM "channels" INNER JOIN "messages" ON "channels"."id" = "messages"."channel_id" WHERE "messages"."user_id" = $1[0m  [["user_id", "1"]]
[active_model_serializers]   ↳ app/controllers/users_controller.rb:11
[active_model_serializers] Rendered UserSerializer with ActiveModelSerializers::Adapter::Attributes (4.53ms)
Completed 200 OK in 7ms (Views: 4.3ms | ActiveRecord: 1.5ms)


Started GET "/cable" for ::1 at 2018-10-14 21:09:37 -0400
Started GET "/cable/" [WebSocket] for ::1 at 2018-10-14 21:09:37 -0400
Successfully upgraded to WebSocket (REQUEST_METHOD: GET, HTTP_CONNECTION: Upgrade, HTTP_UPGRADE: websocket)
Started GET "/messages/" for ::1 at 2018-10-14 21:09:37 -0400
Processing by MessagesController#index as */*
  [1m[36mMessage Load (0.3ms)[0m  [1m[34mSELECT "messages".* FROM "messages"[0m
  ↳ app/controllers/messages_controller.rb:8
[active_model_serializers] Rendered ActiveModel::Serializer::CollectionSerializer with ActiveModelSerializers::Adapter::Attributes (0.06ms)
Completed 200 OK in 2ms (Views: 1.1ms | ActiveRecord: 0.3ms)


Subscription class not found: "PianoChannel"
Subscription class not found: "PianoChannel"
RoomChannel is transmitting the subscription confirmation
RoomChannel is streaming from room_channel
Finished "/cable/" [WebSocket] for ::1 at 2018-10-14 21:12:58 -0400
RoomChannel stopped streaming from room_channel
Started GET "/cable" for ::1 at 2018-10-14 21:13:01 -0400
Started GET "/cable/" [WebSocket] for ::1 at 2018-10-14 21:13:01 -0400
Successfully upgraded to WebSocket (REQUEST_METHOD: GET, HTTP_CONNECTION: Upgrade, HTTP_UPGRADE: websocket)
Subscription class not found: "PianoChannel"
Subscription class not found: "PianoChannel"
RoomChannel is transmitting the subscription confirmation
RoomChannel is streaming from room_channel
Finished "/cable/" [WebSocket] for ::1 at 2018-10-14 21:14:18 -0400
RoomChannel stopped streaming from room_channel
Started GET "/users/1" for ::1 at 2018-10-14 21:14:19 -0400
Processing by UsersController#show as */*
  Parameters: {"id"=>"1"}
  [1m[36mUser Load (0.7ms)[0m  [1m[34mSELECT  "users".* FROM "users" WHERE "users"."id" = $1 LIMIT $2[0m  [["id", 1], ["LIMIT", 1]]
  ↳ app/controllers/users_controller.rb:43
[active_model_serializers]   [1m[36mMessage Load (0.4ms)[0m  [1m[34mSELECT "messages".* FROM "messages" WHERE "messages"."user_id" = $1[0m  [["user_id", "1"]]
[active_model_serializers]   ↳ app/controllers/users_controller.rb:11
[active_model_serializers]   [1m[36mChannel Load (0.8ms)[0m  [1m[34mSELECT "channels".* FROM "channels" INNER JOIN "messages" ON "channels"."id" = "messages"."channel_id" WHERE "messages"."user_id" = $1[0m  [["user_id", "1"]]
[active_model_serializers]   ↳ app/controllers/users_controller.rb:11
[active_model_serializers] Rendered UserSerializer with ActiveModelSerializers::Adapter::Attributes (4.63ms)
Completed 200 OK in 8ms (Views: 4.1ms | ActiveRecord: 1.8ms)


Started GET "/cable" for ::1 at 2018-10-14 21:14:19 -0400
Started GET "/cable/" [WebSocket] for ::1 at 2018-10-14 21:14:19 -0400
Started GET "/messages/" for ::1 at 2018-10-14 21:14:19 -0400
Successfully upgraded to WebSocket (REQUEST_METHOD: GET, HTTP_CONNECTION: Upgrade, HTTP_UPGRADE: websocket)
Processing by MessagesController#index as */*
  [1m[36mMessage Load (0.9ms)[0m  [1m[34mSELECT "messages".* FROM "messages"[0m
  ↳ app/controllers/messages_controller.rb:8
[active_model_serializers] Rendered ActiveModel::Serializer::CollectionSerializer with ActiveModelSerializers::Adapter::Attributes (0.06ms)
Completed 200 OK in 3ms (Views: 1.4ms | ActiveRecord: 0.9ms)


Subscription class not found: "PianoChannel"
Subscription class not found: "PianoChannel"
RoomChannel is transmitting the subscription confirmation
RoomChannel is streaming from room_channel
Started POST "/songs/" for ::1 at 2018-10-14 21:15:07 -0400
Processing by SongsController#create as */*
  Parameters: {"title"=>"Test Song", "user_id"=>1, "songdata"=>[[176, 64, 0, 1], [176, 64, 127, 100], [144, 79, 43, 1296], [144, 72, 43, 1299], [144, 76, 46, 1300], [144, 67, 32, 1317], [144, 60, 32, 1323], [144, 64, 36, 1325], [144, 60, 0, 1828], [144, 67, 0, 1847], [144, 79, 0, 1851], [144, 64, 0, 1853], [144, 76, 0, 1853], [144, 72, 0, 1864], [144, 60, 41, 2650], [144, 72, 40, 2660], [144, 81, 37, 2664], [144, 77, 47, 2668], [144, 69, 33, 2675], [144, 65, 37, 2676], [176, 64, 0, 2722], [176, 64, 127, 2922], [144, 69, 0, 3274], [144, 77, 0, 3275], [144, 60, 0, 3277], [144, 65, 0, 3281], [144, 72, 0, 3288], [144, 81, 0, 3311], [144, 60, 36, 3965], [144, 79, 40, 3968], [144, 72, 38, 3973], [144, 64, 38, 3978], [144, 76, 42, 3980], [144, 67, 30, 3986], [144, 67, 0, 4409], [144, 60, 0, 4412], [144, 79, 0, 4444], [144, 72, 0, 4457], [144, 76, 0, 4457], [144, 64, 0, 4459], [144, 74, 37, 5658], [144, 79, 35, 5662], [144, 71, 36, 5663], [144, 59, 35, 5666], [144, 62, 37, 5680], [144, 67, 27, 5699], [144, 67, 0, 6225], [144, 71, 0, 6239], [144, 74, 0, 6242], [144, 62, 0, 6243], [144, 59, 0, 6260], [144, 79, 0, 6261], [144, 55, 38, 7455], [144, 67, 37, 7456], [144, 60, 37, 7463], [144, 76, 33, 7465], [144, 72, 34, 7466], [144, 64, 34, 7472], [176, 64, 0, 7569], [176, 64, 127, 7739], [144, 55, 0, 8223], [144, 72, 0, 8229], [144, 67, 0, 8233], [144, 64, 0, 8252], [144, 76, 0, 8252], [144, 60, 0, 8258], [176, 64, 0, 10084]], "song"=>{"title"=>"Test Song", "user_id"=>1, "songdata"=>[[176, 64, 0, 1], [176, 64, 127, 100], [144, 79, 43, 1296], [144, 72, 43, 1299], [144, 76, 46, 1300], [144, 67, 32, 1317], [144, 60, 32, 1323], [144, 64, 36, 1325], [144, 60, 0, 1828], [144, 67, 0, 1847], [144, 79, 0, 1851], [144, 64, 0, 1853], [144, 76, 0, 1853], [144, 72, 0, 1864], [144, 60, 41, 2650], [144, 72, 40, 2660], [144, 81, 37, 2664], [144, 77, 47, 2668], [144, 69, 33, 2675], [144, 65, 37, 2676], [176, 64, 0, 2722], [176, 64, 127, 2922], [144, 69, 0, 3274], [144, 77, 0, 3275], [144, 60, 0, 3277], [144, 65, 0, 3281], [144, 72, 0, 3288], [144, 81, 0, 3311], [144, 60, 36, 3965], [144, 79, 40, 3968], [144, 72, 38, 3973], [144, 64, 38, 3978], [144, 76, 42, 3980], [144, 67, 30, 3986], [144, 67, 0, 4409], [144, 60, 0, 4412], [144, 79, 0, 4444], [144, 72, 0, 4457], [144, 76, 0, 4457], [144, 64, 0, 4459], [144, 74, 37, 5658], [144, 79, 35, 5662], [144, 71, 36, 5663], [144, 59, 35, 5666], [144, 62, 37, 5680], [144, 67, 27, 5699], [144, 67, 0, 6225], [144, 71, 0, 6239], [144, 74, 0, 6242], [144, 62, 0, 6243], [144, 59, 0, 6260], [144, 79, 0, 6261], [144, 55, 38, 7455], [144, 67, 37, 7456], [144, 60, 37, 7463], [144, 76, 33, 7465], [144, 72, 34, 7466], [144, 64, 34, 7472], [176, 64, 0, 7569], [176, 64, 127, 7739], [144, 55, 0, 8223], [144, 72, 0, 8229], [144, 67, 0, 8233], [144, 64, 0, 8252], [144, 76, 0, 8252], [144, 60, 0, 8258], [176, 64, 0, 10084]]}}
  [1m[36mSong Load (2.1ms)[0m  [1m[34mSELECT  "songs".* FROM "songs" WHERE "songs"."title" = $1 AND "songs"."user_id" = $2 AND "songs"."songdata" = $3 LIMIT $4[0m  [["title", "Test Song"], ["user_id", 1], ["songdata", "{{176,64,0,1},{176,64,127,100},{144,79,43,1296},{144,72,43,1299},{144,76,46,1300},{144,67,32,1317},{144,60,32,1323},{144,64,36,1325},{144,60,0,1828},{144,67,0,1847},{144,79,0,1851},{144,64,0,1853},{144,76,0,1853},{144,72,0,1864},{144,60,41,2650},{144,72,40,2660},{144,81,37,2664},{144,77,47,2668},{144,69,33,2675},{144,65,37,2676},{176,64,0,2722},{176,64,127,2922},{144,69,0,3274},{144,77,0,3275},{144,60,0,3277},{144,65,0,3281},{144,72,0,3288},{144,81,0,3311},{144,60,36,3965},{144,79,40,3968},{144,72,38,3973},{144,64,38,3978},{144,76,42,3980},{144,67,30,3986},{144,67,0,4409},{144,60,0,4412},{144,79,0,4444},{144,72,0,4457},{144,76,0,4457},{144,64,0,4459},{144,74,37,5658},{144,79,35,5662},{144,71,36,5663},{144,59,35,5666},{144,62,37,5680},{144,67,27,5699},{144,67,0,6225},{144,71,0,6239},{144,74,0,6242},{144,62,0,6243},{144,59,0,6260},{144,79,0,6261},{144,55,38,7455},{144,67,37,7456},{144,60,37,7463},{144,76,33,7465},{144,72,34,7466},{144,64,34,7472},{176,64,0,7569},{176,64,127,7739},{144,55,0,8223},{144,72,0,8229},{144,67,0,8233},{144,64,0,8252},{144,76,0,8252},{144,60,0,8258},{176,64,0,10084}}"], ["LIMIT", 1]]
  ↳ app/controllers/songs_controller.rb:16
  [1m[35m (0.3ms)[0m  [1m[35mBEGIN[0m
  ↳ app/controllers/songs_controller.rb:16
  [1m[36mUser Load (0.5ms)[0m  [1m[34mSELECT  "users".* FROM "users" WHERE "users"."id" = $1 LIMIT $2[0m  [["id", 1], ["LIMIT", 1]]
  ↳ app/controllers/songs_controller.rb:16
  [1m[36mSong Create (2.3ms)[0m  [1m[32mINSERT INTO "songs" ("title", "user_id", "songdata", "created_at", "updated_at") VALUES ($1, $2, $3, $4, $5) RETURNING "id"[0m  [["title", "Test Song"], ["user_id", 1], ["songdata", "{{176,64,0,1},{176,64,127,100},{144,79,43,1296},{144,72,43,1299},{144,76,46,1300},{144,67,32,1317},{144,60,32,1323},{144,64,36,1325},{144,60,0,1828},{144,67,0,1847},{144,79,0,1851},{144,64,0,1853},{144,76,0,1853},{144,72,0,1864},{144,60,41,2650},{144,72,40,2660},{144,81,37,2664},{144,77,47,2668},{144,69,33,2675},{144,65,37,2676},{176,64,0,2722},{176,64,127,2922},{144,69,0,3274},{144,77,0,3275},{144,60,0,3277},{144,65,0,3281},{144,72,0,3288},{144,81,0,3311},{144,60,36,3965},{144,79,40,3968},{144,72,38,3973},{144,64,38,3978},{144,76,42,3980},{144,67,30,3986},{144,67,0,4409},{144,60,0,4412},{144,79,0,4444},{144,72,0,4457},{144,76,0,4457},{144,64,0,4459},{144,74,37,5658},{144,79,35,5662},{144,71,36,5663},{144,59,35,5666},{144,62,37,5680},{144,67,27,5699},{144,67,0,6225},{144,71,0,6239},{144,74,0,6242},{144,62,0,6243},{144,59,0,6260},{144,79,0,6261},{144,55,38,7455},{144,67,37,7456},{144,60,37,7463},{144,76,33,7465},{144,72,34,7466},{144,64,34,7472},{176,64,0,7569},{176,64,127,7739},{144,55,0,8223},{144,72,0,8229},{144,67,0,8233},{144,64,0,8252},{144,76,0,8252},{144,60,0,8258},{176,64,0,10084}}"], ["created_at", "2018-10-15 01:15:07.491757"], ["updated_at", "2018-10-15 01:15:07.491757"]]
  ↳ app/controllers/songs_controller.rb:16
  [1m[35m (0.6ms)[0m  [1m[35mCOMMIT[0m
  ↳ app/controllers/songs_controller.rb:16
  [1m[35m (0.2ms)[0m  [1m[35mBEGIN[0m
  ↳ app/controllers/songs_controller.rb:17
  [1m[35m (0.1ms)[0m  [1m[35mCOMMIT[0m
  ↳ app/controllers/songs_controller.rb:17
[active_model_serializers] Rendered SongSerializer with ActiveModelSerializers::Adapter::Attributes (0.17ms)
Completed 201 Created in 58ms (Views: 3.0ms | ActiveRecord: 14.6ms)


Started GET "/songs/" for ::1 at 2018-10-14 21:15:07 -0400
Processing by SongsController#index as */*
  [1m[36mSong Load (0.7ms)[0m  [1m[34mSELECT "songs".* FROM "songs"[0m
  ↳ app/controllers/songs_controller.rb:7
[active_model_serializers] Rendered ActiveModel::Serializer::CollectionSerializer with ActiveModelSerializers::Adapter::Attributes (0.23ms)
Completed 200 OK in 3ms (Views: 2.1ms | ActiveRecord: 0.7ms)


Started GET "/songs/1" for ::1 at 2018-10-14 21:15:14 -0400
Processing by SongsController#show as */*
  Parameters: {"id"=>"1"}
  [1m[36mSong Load (0.5ms)[0m  [1m[34mSELECT  "songs".* FROM "songs" WHERE "songs"."id" = $1 LIMIT $2[0m  [["id", 1], ["LIMIT", 1]]
  ↳ app/controllers/songs_controller.rb:41
[active_model_serializers] Rendered SongDataSerializer with ActiveModelSerializers::Adapter::Attributes (2.09ms)
Completed 200 OK in 8ms (Views: 2.9ms | ActiveRecord: 0.5ms)


RoomChannel#onChat({"message"=>{"user"=>{"id"=>1, "username"=>"aneustein", "name_first"=>"Alex", "name_last"=>"Neustein", "messages"=>[], "channels"=>[]}, "content"=>"Hi!"}})
[ActionCable] Broadcasting to room_channel: {:message=>{"message"=>{"user"=>{"id"=>1, "username"=>"aneustein", "name_first"=>"Alex", "name_last"=>"Neustein", "messages"=>[], "channels"=>[]}, "content"=>"Hi!"}, "action"=>"onChat"}}
RoomChannel transmitting {"message"=>{"message"=>{"user"=>{"id"=>1, "username"=>"aneustein", "name_first"=>"Alex", "name_last"=>"Neustein", "messages"=>[], "channels"=>[]}, "content"=>"Hi!"}, "action"=>"onChat"}} (via streamed from room_channel)
Finished "/cable/" [WebSocket] for ::1 at 2018-10-14 21:16:12 -0400
RoomChannel stopped streaming from room_channel
Started GET "/users/1" for ::1 at 2018-10-14 21:43:25 -0400
Started GET "/cable" for ::1 at 2018-10-14 21:43:25 -0400
Started GET "/messages/" for ::1 at 2018-10-14 21:43:25 -0400
  [1m[35m (4.1ms)[0m  [1m[34mSELECT "schema_migrations"."version" FROM "schema_migrations" ORDER BY "schema_migrations"."version" ASC[0m
  [1m[35m (3.9ms)[0m  [1m[34mSELECT "schema_migrations"."version" FROM "schema_migrations" ORDER BY "schema_migrations"."version" ASC[0m
  [1m[35m (4.3ms)[0m  [1m[34mSELECT "schema_migrations"."version" FROM "schema_migrations" ORDER BY "schema_migrations"."version" ASC[0m
  ↳ /Users/alexneustein/.rvm/gems/ruby-2.3.3/gems/activerecord-5.2.1/lib/active_record/log_subscriber.rb:98
  ↳ /Users/alexneustein/.rvm/gems/ruby-2.3.3/gems/activerecord-5.2.1/lib/active_record/log_subscriber.rb:98
  ↳ /Users/alexneustein/.rvm/gems/ruby-2.3.3/gems/activerecord-5.2.1/lib/active_record/log_subscriber.rb:98
Processing by UsersController#show as */*
Started GET "/cable/" [WebSocket] for ::1 at 2018-10-14 21:43:26 -0400
Processing by MessagesController#index as */*
  Parameters: {"id"=>"1"}
Successfully upgraded to WebSocket (REQUEST_METHOD: GET, HTTP_CONNECTION: Upgrade, HTTP_UPGRADE: websocket)
Subscription class not found: "PianoChannel"
Subscription class not found: "PianoChannel"
RoomChannel is transmitting the subscription confirmation
RoomChannel is streaming from room_channel
  [1m[36mMessage Load (41.1ms)[0m  [1m[34mSELECT "messages".* FROM "messages"[0m
  ↳ app/controllers/messages_controller.rb:8
[active_model_serializers] Rendered ActiveModel::Serializer::CollectionSerializer with ActiveModelSerializers::Adapter::Attributes (0.44ms)
Completed 200 OK in 92ms (Views: 12.7ms | ActiveRecord: 52.7ms)


  [1m[36mUser Load (18.2ms)[0m  [1m[34mSELECT  "users".* FROM "users" WHERE "users"."id" = $1 LIMIT $2[0m  [["id", 1], ["LIMIT", 1]]
  ↳ app/controllers/users_controller.rb:43
[active_model_serializers]   [1m[36mMessage Load (1.4ms)[0m  [1m[34mSELECT "messages".* FROM "messages" WHERE "messages"."user_id" = $1[0m  [["user_id", "1"]]
[active_model_serializers]   ↳ app/controllers/users_controller.rb:11
[active_model_serializers]   [1m[36mChannel Load (8.0ms)[0m  [1m[34mSELECT "channels".* FROM "channels" INNER JOIN "messages" ON "channels"."id" = "messages"."channel_id" WHERE "messages"."user_id" = $1[0m  [["user_id", "1"]]
[active_model_serializers]   ↳ app/controllers/users_controller.rb:11
[active_model_serializers] Rendered UserSerializer with ActiveModelSerializers::Adapter::Attributes (59.84ms)
Completed 200 OK in 239ms (Views: 75.8ms | ActiveRecord: 104.9ms)


Finished "/cable/" [WebSocket] for ::1 at 2018-10-14 21:44:11 -0400
RoomChannel stopped streaming from room_channel
Started GET "/users/1" for ::1 at 2018-10-14 21:44:11 -0400
Processing by UsersController#show as */*
  Parameters: {"id"=>"1"}
  [1m[36mUser Load (1.3ms)[0m  [1m[34mSELECT  "users".* FROM "users" WHERE "users"."id" = $1 LIMIT $2[0m  [["id", 1], ["LIMIT", 1]]
  ↳ app/controllers/users_controller.rb:43
[active_model_serializers]   [1m[36mMessage Load (1.5ms)[0m  [1m[34mSELECT "messages".* FROM "messages" WHERE "messages"."user_id" = $1[0m  [["user_id", "1"]]
[active_model_serializers]   ↳ app/controllers/users_controller.rb:11
[active_model_serializers]   [1m[36mChannel Load (2.1ms)[0m  [1m[34mSELECT "channels".* FROM "channels" INNER JOIN "messages" ON "channels"."id" = "messages"."channel_id" WHERE "messages"."user_id" = $1[0m  [["user_id", "1"]]
[active_model_serializers]   ↳ app/controllers/users_controller.rb:11
[active_model_serializers] Rendered UserSerializer with ActiveModelSerializers::Adapter::Attributes (8.92ms)
Completed 200 OK in 13ms (Views: 5.9ms | ActiveRecord: 5.0ms)


Started GET "/cable" for ::1 at 2018-10-14 21:44:11 -0400
Started GET "/cable/" [WebSocket] for ::1 at 2018-10-14 21:44:11 -0400
Started GET "/messages/" for ::1 at 2018-10-14 21:44:11 -0400
Successfully upgraded to WebSocket (REQUEST_METHOD: GET, HTTP_CONNECTION: Upgrade, HTTP_UPGRADE: websocket)
Processing by MessagesController#index as */*
  [1m[36mMessage Load (2.0ms)[0m  [1m[34mSELECT "messages".* FROM "messages"[0m
  ↳ app/controllers/messages_controller.rb:8
[active_model_serializers] Rendered ActiveModel::Serializer::CollectionSerializer with ActiveModelSerializers::Adapter::Attributes (0.12ms)
Completed 200 OK in 5ms (Views: 2.4ms | ActiveRecord: 2.0ms)


Subscription class not found: "PianoChannel"
Subscription class not found: "PianoChannel"
RoomChannel is transmitting the subscription confirmation
RoomChannel is streaming from room_channel
Started POST "/songs/" for ::1 at 2018-10-14 21:45:01 -0400
Processing by SongsController#create as */*
  Parameters: {"title"=>"Imagine left hand", "user_id"=>1, "songdata"=>[[176, 64, 0, 1], [176, 64, 127, 100], [144, 55, 34, 642], [144, 52, 38, 652], [144, 52, 0, 815], [144, 55, 0, 835], [144, 48, 31, 1096], [144, 48, 0, 1316], [144, 52, 46, 1459], [144, 55, 39, 1467], [144, 52, 0, 1619], [144, 55, 0, 1651], [144, 48, 34, 1864], [144, 48, 0, 2080], [144, 52, 42, 2270], [144, 55, 37, 2281], [144, 52, 0, 2419], [144, 55, 0, 2455], [144, 48, 34, 2686], [144, 48, 0, 2828], [144, 52, 53, 3055], [144, 55, 41, 3059], [144, 59, 41, 3073], [176, 64, 0, 3180], [176, 64, 127, 3275], [144, 52, 0, 3370], [144, 55, 0, 3400], [144, 59, 0, 3446], [144, 48, 37, 3466], [144, 48, 0, 3668], [144, 57, 40, 3867], [144, 53, 50, 3868], [176, 64, 0, 3935], [176, 64, 127, 4180], [144, 53, 0, 4252], [144, 57, 0, 4274], [144, 48, 28, 4325], [144, 48, 0, 4631], [144, 57, 33, 4670], [144, 53, 35, 4676], [144, 53, 0, 4901], [144, 57, 0, 5023], [144, 48, 33, 5088], [144, 48, 0, 5449], [144, 53, 27, 5482], [144, 57, 41, 5484], [144, 53, 0, 5658], [144, 57, 0, 5662], [144, 48, 28, 5924], [144, 48, 0, 6231], [144, 53, 38, 6242], [144, 57, 36, 6255], [144, 57, 0, 6412], [144, 58, 40, 6418], [144, 53, 0, 6481], [144, 58, 0, 6625], [144, 59, 39, 6631], [144, 48, 27, 6653], [144, 59, 0, 6926], [144, 48, 0, 6966], [144, 55, 29, 7031], [144, 52, 31, 7043], [176, 64, 0, 7045], [176, 64, 127, 7225], [144, 55, 0, 7414], [144, 52, 0, 7416], [144, 48, 25, 7494], [144, 48, 0, 7779], [144, 55, 31, 7827], [144, 52, 34, 7843], [144, 52, 0, 8106], [144, 55, 0, 8143], [144, 48, 25, 8291], [144, 48, 0, 8591], [144, 52, 33, 8675], [144, 55, 27, 8679], [144, 52, 0, 8949], [144, 55, 0, 8982], [144, 48, 24, 9114], [144, 48, 0, 9443], [144, 59, 38, 9475], [144, 55, 29, 9476], [144, 52, 35, 9485], [176, 64, 0, 9535], [176, 64, 127, 9679], [144, 52, 0, 9793], [144, 59, 0, 9818], [144, 55, 0, 9861], [144, 48, 31, 9885], [144, 48, 0, 10239], [144, 57, 32, 10288], [144, 53, 34, 10289], [176, 64, 0, 10385], [176, 64, 127, 10575], [144, 53, 0, 10618], [144, 57, 0, 10674], [144, 48, 27, 10710], [144, 48, 0, 11062], [144, 57, 26, 11088], [144, 53, 27, 11111], [144, 53, 0, 11375], [144, 48, 37, 11515], [144, 57, 0, 11554], [144, 48, 0, 11858], [144, 53, 35, 11894], [144, 57, 34, 11906], [144, 53, 0, 12187], [144, 57, 0, 12240], [144, 48, 28, 12350], [144, 53, 34, 12686], [144, 48, 0, 12687], [144, 57, 35, 12705], [144, 58, 44, 12849], [144, 57, 0, 12862], [144, 53, 0, 13017], [144, 48, 40, 13040], [144, 59, 38, 13083], [144, 58, 0, 13094], [144, 48, 0, 13432], [144, 55, 30, 13476], [144, 52, 34, 13478], [176, 64, 0, 13505], [144, 59, 0, 13682], [176, 64, 127, 13690], [144, 52, 0, 13851], [144, 55, 0, 13853], [144, 48, 36, 13885], [144, 48, 0, 14240], [144, 55, 31, 14262], [144, 52, 29, 14280], [144, 52, 0, 14570], [144, 55, 0, 14615], [144, 48, 26, 14705], [144, 48, 0, 15064], [144, 55, 26, 15079], [144, 52, 26, 15111], [144, 52, 0, 15322], [144, 55, 0, 15417], [144, 48, 34, 15461], [144, 48, 0, 15814], [144, 59, 32, 15823], [144, 55, 32, 15828], [144, 52, 32, 15845], [144, 59, 0, 16146], [144, 52, 0, 16157], [144, 55, 0, 16223], [144, 48, 32, 16248], [144, 48, 0, 16640], [144, 53, 31, 16669], [144, 57, 28, 16671], [176, 64, 0, 16710], [176, 64, 127, 16909], [144, 53, 0, 16978], [144, 57, 0, 17001], [144, 48, 26, 17079], [144, 48, 0, 17426], [144, 57, 25, 17458], [144, 53, 25, 17472], [144, 53, 0, 17698], [144, 57, 0, 17787], [144, 48, 25, 17842], [144, 57, 26, 18216], [144, 53, 34, 18237], [144, 48, 0, 18241], [144, 53, 0, 18456], [144, 57, 0, 18566], [144, 48, 30, 18665], [144, 48, 0, 18994], [144, 57, 37, 19000], [144, 53, 29, 19016], [144, 58, 41, 19173], [144, 57, 0, 19197], [144, 53, 0, 19296], [144, 48, 26, 19397], [144, 58, 0, 19401], [144, 59, 29, 19414], [144, 59, 0, 19692], [144, 48, 0, 19758], [144, 55, 31, 19787], [144, 52, 28, 19800], [176, 64, 0, 19835], [176, 64, 127, 20044], [144, 55, 0, 20131], [144, 52, 0, 20171], [144, 48, 25, 20229], [144, 48, 0, 20540], [144, 55, 27, 20577], [144, 52, 26, 20600], [144, 52, 0, 20858], [144, 55, 0, 20894], [144, 48, 26, 21012], [144, 48, 0, 21315], [144, 52, 27, 21404], [144, 55, 25, 21420], [144, 52, 0, 21667], [144, 55, 0, 21724], [144, 48, 24, 21824], [144, 48, 0, 22157], [144, 59, 35, 22181], [144, 52, 34, 22200], [144, 55, 25, 22202], [144, 59, 0, 22448], [144, 52, 0, 22468], [144, 55, 0, 22551], [144, 48, 32, 22602], [144, 48, 0, 22969], [144, 57, 28, 22973], [144, 53, 30, 22977], [176, 64, 0, 23014], [176, 64, 127, 23219], [144, 53, 0, 23295], [144, 57, 0, 23331], [144, 48, 23, 23400], [144, 48, 0, 23712], [144, 57, 30, 23754], [144, 53, 28, 23770], [144, 53, 0, 24044], [144, 57, 0, 24147], [144, 48, 27, 24184], [144, 57, 31, 24535], [144, 53, 32, 24559], [144, 48, 0, 24574], [144, 53, 0, 24832], [144, 57, 0, 24850], [144, 48, 32, 24944], [144, 57, 34, 25316], [144, 48, 0, 25324], [144, 53, 29, 25331], [144, 58, 45, 25470], [144, 57, 0, 25527], [144, 58, 0, 25686], [144, 53, 0, 25688], [144, 48, 37, 25701], [144, 59, 46, 25709], [144, 59, 0, 25987], [144, 48, 0, 26116], [144, 55, 32, 26143], [144, 52, 32, 26152], [176, 64, 0, 26249], [144, 55, 0, 26771], [144, 52, 0, 26784]], "song"=>{"title"=>"Imagine left hand", "user_id"=>1, "songdata"=>[[176, 64, 0, 1], [176, 64, 127, 100], [144, 55, 34, 642], [144, 52, 38, 652], [144, 52, 0, 815], [144, 55, 0, 835], [144, 48, 31, 1096], [144, 48, 0, 1316], [144, 52, 46, 1459], [144, 55, 39, 1467], [144, 52, 0, 1619], [144, 55, 0, 1651], [144, 48, 34, 1864], [144, 48, 0, 2080], [144, 52, 42, 2270], [144, 55, 37, 2281], [144, 52, 0, 2419], [144, 55, 0, 2455], [144, 48, 34, 2686], [144, 48, 0, 2828], [144, 52, 53, 3055], [144, 55, 41, 3059], [144, 59, 41, 3073], [176, 64, 0, 3180], [176, 64, 127, 3275], [144, 52, 0, 3370], [144, 55, 0, 3400], [144, 59, 0, 3446], [144, 48, 37, 3466], [144, 48, 0, 3668], [144, 57, 40, 3867], [144, 53, 50, 3868], [176, 64, 0, 3935], [176, 64, 127, 4180], [144, 53, 0, 4252], [144, 57, 0, 4274], [144, 48, 28, 4325], [144, 48, 0, 4631], [144, 57, 33, 4670], [144, 53, 35, 4676], [144, 53, 0, 4901], [144, 57, 0, 5023], [144, 48, 33, 5088], [144, 48, 0, 5449], [144, 53, 27, 5482], [144, 57, 41, 5484], [144, 53, 0, 5658], [144, 57, 0, 5662], [144, 48, 28, 5924], [144, 48, 0, 6231], [144, 53, 38, 6242], [144, 57, 36, 6255], [144, 57, 0, 6412], [144, 58, 40, 6418], [144, 53, 0, 6481], [144, 58, 0, 6625], [144, 59, 39, 6631], [144, 48, 27, 6653], [144, 59, 0, 6926], [144, 48, 0, 6966], [144, 55, 29, 7031], [144, 52, 31, 7043], [176, 64, 0, 7045], [176, 64, 127, 7225], [144, 55, 0, 7414], [144, 52, 0, 7416], [144, 48, 25, 7494], [144, 48, 0, 7779], [144, 55, 31, 7827], [144, 52, 34, 7843], [144, 52, 0, 8106], [144, 55, 0, 8143], [144, 48, 25, 8291], [144, 48, 0, 8591], [144, 52, 33, 8675], [144, 55, 27, 8679], [144, 52, 0, 8949], [144, 55, 0, 8982], [144, 48, 24, 9114], [144, 48, 0, 9443], [144, 59, 38, 9475], [144, 55, 29, 9476], [144, 52, 35, 9485], [176, 64, 0, 9535], [176, 64, 127, 9679], [144, 52, 0, 9793], [144, 59, 0, 9818], [144, 55, 0, 9861], [144, 48, 31, 9885], [144, 48, 0, 10239], [144, 57, 32, 10288], [144, 53, 34, 10289], [176, 64, 0, 10385], [176, 64, 127, 10575], [144, 53, 0, 10618], [144, 57, 0, 10674], [144, 48, 27, 10710], [144, 48, 0, 11062], [144, 57, 26, 11088], [144, 53, 27, 11111], [144, 53, 0, 11375], [144, 48, 37, 11515], [144, 57, 0, 11554], [144, 48, 0, 11858], [144, 53, 35, 11894], [144, 57, 34, 11906], [144, 53, 0, 12187], [144, 57, 0, 12240], [144, 48, 28, 12350], [144, 53, 34, 12686], [144, 48, 0, 12687], [144, 57, 35, 12705], [144, 58, 44, 12849], [144, 57, 0, 12862], [144, 53, 0, 13017], [144, 48, 40, 13040], [144, 59, 38, 13083], [144, 58, 0, 13094], [144, 48, 0, 13432], [144, 55, 30, 13476], [144, 52, 34, 13478], [176, 64, 0, 13505], [144, 59, 0, 13682], [176, 64, 127, 13690], [144, 52, 0, 13851], [144, 55, 0, 13853], [144, 48, 36, 13885], [144, 48, 0, 14240], [144, 55, 31, 14262], [144, 52, 29, 14280], [144, 52, 0, 14570], [144, 55, 0, 14615], [144, 48, 26, 14705], [144, 48, 0, 15064], [144, 55, 26, 15079], [144, 52, 26, 15111], [144, 52, 0, 15322], [144, 55, 0, 15417], [144, 48, 34, 15461], [144, 48, 0, 15814], [144, 59, 32, 15823], [144, 55, 32, 15828], [144, 52, 32, 15845], [144, 59, 0, 16146], [144, 52, 0, 16157], [144, 55, 0, 16223], [144, 48, 32, 16248], [144, 48, 0, 16640], [144, 53, 31, 16669], [144, 57, 28, 16671], [176, 64, 0, 16710], [176, 64, 127, 16909], [144, 53, 0, 16978], [144, 57, 0, 17001], [144, 48, 26, 17079], [144, 48, 0, 17426], [144, 57, 25, 17458], [144, 53, 25, 17472], [144, 53, 0, 17698], [144, 57, 0, 17787], [144, 48, 25, 17842], [144, 57, 26, 18216], [144, 53, 34, 18237], [144, 48, 0, 18241], [144, 53, 0, 18456], [144, 57, 0, 18566], [144, 48, 30, 18665], [144, 48, 0, 18994], [144, 57, 37, 19000], [144, 53, 29, 19016], [144, 58, 41, 19173], [144, 57, 0, 19197], [144, 53, 0, 19296], [144, 48, 26, 19397], [144, 58, 0, 19401], [144, 59, 29, 19414], [144, 59, 0, 19692], [144, 48, 0, 19758], [144, 55, 31, 19787], [144, 52, 28, 19800], [176, 64, 0, 19835], [176, 64, 127, 20044], [144, 55, 0, 20131], [144, 52, 0, 20171], [144, 48, 25, 20229], [144, 48, 0, 20540], [144, 55, 27, 20577], [144, 52, 26, 20600], [144, 52, 0, 20858], [144, 55, 0, 20894], [144, 48, 26, 21012], [144, 48, 0, 21315], [144, 52, 27, 21404], [144, 55, 25, 21420], [144, 52, 0, 21667], [144, 55, 0, 21724], [144, 48, 24, 21824], [144, 48, 0, 22157], [144, 59, 35, 22181], [144, 52, 34, 22200], [144, 55, 25, 22202], [144, 59, 0, 22448], [144, 52, 0, 22468], [144, 55, 0, 22551], [144, 48, 32, 22602], [144, 48, 0, 22969], [144, 57, 28, 22973], [144, 53, 30, 22977], [176, 64, 0, 23014], [176, 64, 127, 23219], [144, 53, 0, 23295], [144, 57, 0, 23331], [144, 48, 23, 23400], [144, 48, 0, 23712], [144, 57, 30, 23754], [144, 53, 28, 23770], [144, 53, 0, 24044], [144, 57, 0, 24147], [144, 48, 27, 24184], [144, 57, 31, 24535], [144, 53, 32, 24559], [144, 48, 0, 24574], [144, 53, 0, 24832], [144, 57, 0, 24850], [144, 48, 32, 24944], [144, 57, 34, 25316], [144, 48, 0, 25324], [144, 53, 29, 25331], [144, 58, 45, 25470], [144, 57, 0, 25527], [144, 58, 0, 25686], [144, 53, 0, 25688], [144, 48, 37, 25701], [144, 59, 46, 25709], [144, 59, 0, 25987], [144, 48, 0, 26116], [144, 55, 32, 26143], [144, 52, 32, 26152], [176, 64, 0, 26249], [144, 55, 0, 26771], [144, 52, 0, 26784]]}}
  [1m[36mSong Load (7.9ms)[0m  [1m[34mSELECT  "songs".* FROM "songs" WHERE "songs"."title" = $1 AND "songs"."user_id" = $2 AND "songs"."songdata" = $3 LIMIT $4[0m  [["title", "Imagine left hand"], ["user_id", 1], ["songdata", "{{176,64,0,1},{176,64,127,100},{144,55,34,642},{144,52,38,652},{144,52,0,815},{144,55,0,835},{144,48,31,1096},{144,48,0,1316},{144,52,46,1459},{144,55,39,1467},{144,52,0,1619},{144,55,0,1651},{144,48,34,1864},{144,48,0,2080},{144,52,42,2270},{144,55,37,2281},{144,52,0,2419},{144,55,0,2455},{144,48,34,2686},{144,48,0,2828},{144,52,53,3055},{144,55,41,3059},{144,59,41,3073},{176,64,0,3180},{176,64,127,3275},{144,52,0,3370},{144,55,0,3400},{144,59,0,3446},{144,48,37,3466},{144,48,0,3668},{144,57,40,3867},{144,53,50,3868},{176,64,0,3935},{176,64,127,4180},{144,53,0,4252},{144,57,0,4274},{144,48,28,4325},{144,48,0,4631},{144,57,33,4670},{144,53,35,4676},{144,53,0,4901},{144,57,0,5023},{144,48,33,5088},{144,48,0,5449},{144,53,27,5482},{144,57,41,5484},{144,53,0,5658},{144,57,0,5662},{144,48,28,5924},{144,48,0,6231},{144,53,38,6242},{144,57,36,6255},{144,57,0,6412},{144,58,40,6418},{144,53,0,6481},{144,58,0,6625},{144,59,39,6631},{144,48,27,6653},{144,59,0,6926},{144,48,0,6966},{144,55,29,7031},{144,52,31,7043},{176,64,0,7045},{176,64,127,7225},{144,55,0,7414},{144,52,0,7416},{144,48,25,7494},{144,48,0,7779},{144,55,31,7827},{144,52,34,7843},{144,52,0,8106},{144,55,0,8143},{144,48,25,8291},{144,48,0,8591},{144,52,33,8675},{144,55,27,8679},{144,52,0,8949},{144,55,0,8982},{144,48,24,9114},{144,48,0,9443},{144,59,38,9475},{144,55,29,9476},{144,52,35,9485},{176,64,0,9535},{176,64,127,9679},{144,52,0,9793},{144,59,0,9818},{144,55,0,9861},{144,48,31,9885},{144,48,0,10239},{144,57,32,10288},{144,53,34,10289},{176,64,0,10385},{176,64,127,10575},{144,53,0,10618},{144,57,0,10674},{144,48,27,10710},{144,48,0,11062},{144,57,26,11088},{144,53,27,11111},{144,53,0,11375},{144,48,37,11515},{144,57,0,11554},{144,48,0,11858},{144,53,35,11894},{144,57,34,11906},{144,53,0,12187},{144,57,0,12240},{144,48,28,12350},{144,53,34,12686},{144,48,0,12687},{144,57,35,12705},{144,58,44,12849},{144,57,0,12862},{144,53,0,13017},{144,48,40,13040},{144,59,38,13083},{144,58,0,13094},{144,48,0,13432},{144,55,30,13476},{144,52,34,13478},{176,64,0,13505},{144,59,0,13682},{176,64,127,13690},{144,52,0,13851},{144,55,0,13853},{144,48,36,13885},{144,48,0,14240},{144,55,31,14262},{144,52,29,14280},{144,52,0,14570},{144,55,0,14615},{144,48,26,14705},{144,48,0,15064},{144,55,26,15079},{144,52,26,15111},{144,52,0,15322},{144,55,0,15417},{144,48,34,15461},{144,48,0,15814},{144,59,32,15823},{144,55,32,15828},{144,52,32,15845},{144,59,0,16146},{144,52,0,16157},{144,55,0,16223},{144,48,32,16248},{144,48,0,16640},{144,53,31,16669},{144,57,28,16671},{176,64,0,16710},{176,64,127,16909},{144,53,0,16978},{144,57,0,17001},{144,48,26,17079},{144,48,0,17426},{144,57,25,17458},{144,53,25,17472},{144,53,0,17698},{144,57,0,17787},{144,48,25,17842},{144,57,26,18216},{144,53,34,18237},{144,48,0,18241},{144,53,0,18456},{144,57,0,18566},{144,48,30,18665},{144,48,0,18994},{144,57,37,19000},{144,53,29,19016},{144,58,41,19173},{144,57,0,19197},{144,53,0,19296},{144,48,26,19397},{144,58,0,19401},{144,59,29,19414},{144,59,0,19692},{144,48,0,19758},{144,55,31,19787},{144,52,28,19800},{176,64,0,19835},{176,64,127,20044},{144,55,0,20131},{144,52,0,20171},{144,48,25,20229},{144,48,0,20540},{144,55,27,20577},{144,52,26,20600},{144,52,0,20858},{144,55,0,20894},{144,48,26,21012},{144,48,0,21315},{144,52,27,21404},{144,55,25,21420},{144,52,0,21667},{144,55,0,21724},{144,48,24,21824},{144,48,0,22157},{144,59,35,22181},{144,52,34,22200},{144,55,25,22202},{144,59,0,22448},{144,52,0,22468},{144,55,0,22551},{144,48,32,22602},{144,48,0,22969},{144,57,28,22973},{144,53,30,22977},{176,64,0,23014},{176,64,127,23219},{144,53,0,23295},{144,57,0,23331},{144,48,23,23400},{144,48,0,23712},{144,57,30,23754},{144,53,28,23770},{144,53,0,24044},{144,57,0,24147},{144,48,27,24184},{144,57,31,24535},{144,53,32,24559},{144,48,0,24574},{144,53,0,24832},{144,57,0,24850},{144,48,32,24944},{144,57,34,25316},{144,48,0,25324},{144,53,29,25331},{144,58,45,25470},{144,57,0,25527},{144,58,0,25686},{144,53,0,25688},{144,48,37,25701},{144,59,46,25709},{144,59,0,25987},{144,48,0,26116},{144,55,32,26143},{144,52,32,26152},{176,64,0,26249},{144,55,0,26771},{144,52,0,26784}}"], ["LIMIT", 1]]
  ↳ app/controllers/songs_controller.rb:16
  [1m[35m (0.8ms)[0m  [1m[35mBEGIN[0m
  ↳ app/controllers/songs_controller.rb:16
  [1m[36mUser Load (1.0ms)[0m  [1m[34mSELECT  "users".* FROM "users" WHERE "users"."id" = $1 LIMIT $2[0m  [["id", 1], ["LIMIT", 1]]
  ↳ app/controllers/songs_controller.rb:16
  [1m[36mSong Create (19.9ms)[0m  [1m[32mINSERT INTO "songs" ("title", "user_id", "songdata", "created_at", "updated_at") VALUES ($1, $2, $3, $4, $5) RETURNING "id"[0m  [["title", "Imagine left hand"], ["user_id", 1], ["songdata", "{{176,64,0,1},{176,64,127,100},{144,55,34,642},{144,52,38,652},{144,52,0,815},{144,55,0,835},{144,48,31,1096},{144,48,0,1316},{144,52,46,1459},{144,55,39,1467},{144,52,0,1619},{144,55,0,1651},{144,48,34,1864},{144,48,0,2080},{144,52,42,2270},{144,55,37,2281},{144,52,0,2419},{144,55,0,2455},{144,48,34,2686},{144,48,0,2828},{144,52,53,3055},{144,55,41,3059},{144,59,41,3073},{176,64,0,3180},{176,64,127,3275},{144,52,0,3370},{144,55,0,3400},{144,59,0,3446},{144,48,37,3466},{144,48,0,3668},{144,57,40,3867},{144,53,50,3868},{176,64,0,3935},{176,64,127,4180},{144,53,0,4252},{144,57,0,4274},{144,48,28,4325},{144,48,0,4631},{144,57,33,4670},{144,53,35,4676},{144,53,0,4901},{144,57,0,5023},{144,48,33,5088},{144,48,0,5449},{144,53,27,5482},{144,57,41,5484},{144,53,0,5658},{144,57,0,5662},{144,48,28,5924},{144,48,0,6231},{144,53,38,6242},{144,57,36,6255},{144,57,0,6412},{144,58,40,6418},{144,53,0,6481},{144,58,0,6625},{144,59,39,6631},{144,48,27,6653},{144,59,0,6926},{144,48,0,6966},{144,55,29,7031},{144,52,31,7043},{176,64,0,7045},{176,64,127,7225},{144,55,0,7414},{144,52,0,7416},{144,48,25,7494},{144,48,0,7779},{144,55,31,7827},{144,52,34,7843},{144,52,0,8106},{144,55,0,8143},{144,48,25,8291},{144,48,0,8591},{144,52,33,8675},{144,55,27,8679},{144,52,0,8949},{144,55,0,8982},{144,48,24,9114},{144,48,0,9443},{144,59,38,9475},{144,55,29,9476},{144,52,35,9485},{176,64,0,9535},{176,64,127,9679},{144,52,0,9793},{144,59,0,9818},{144,55,0,9861},{144,48,31,9885},{144,48,0,10239},{144,57,32,10288},{144,53,34,10289},{176,64,0,10385},{176,64,127,10575},{144,53,0,10618},{144,57,0,10674},{144,48,27,10710},{144,48,0,11062},{144,57,26,11088},{144,53,27,11111},{144,53,0,11375},{144,48,37,11515},{144,57,0,11554},{144,48,0,11858},{144,53,35,11894},{144,57,34,11906},{144,53,0,12187},{144,57,0,12240},{144,48,28,12350},{144,53,34,12686},{144,48,0,12687},{144,57,35,12705},{144,58,44,12849},{144,57,0,12862},{144,53,0,13017},{144,48,40,13040},{144,59,38,13083},{144,58,0,13094},{144,48,0,13432},{144,55,30,13476},{144,52,34,13478},{176,64,0,13505},{144,59,0,13682},{176,64,127,13690},{144,52,0,13851},{144,55,0,13853},{144,48,36,13885},{144,48,0,14240},{144,55,31,14262},{144,52,29,14280},{144,52,0,14570},{144,55,0,14615},{144,48,26,14705},{144,48,0,15064},{144,55,26,15079},{144,52,26,15111},{144,52,0,15322},{144,55,0,15417},{144,48,34,15461},{144,48,0,15814},{144,59,32,15823},{144,55,32,15828},{144,52,32,15845},{144,59,0,16146},{144,52,0,16157},{144,55,0,16223},{144,48,32,16248},{144,48,0,16640},{144,53,31,16669},{144,57,28,16671},{176,64,0,16710},{176,64,127,16909},{144,53,0,16978},{144,57,0,17001},{144,48,26,17079},{144,48,0,17426},{144,57,25,17458},{144,53,25,17472},{144,53,0,17698},{144,57,0,17787},{144,48,25,17842},{144,57,26,18216},{144,53,34,18237},{144,48,0,18241},{144,53,0,18456},{144,57,0,18566},{144,48,30,18665},{144,48,0,18994},{144,57,37,19000},{144,53,29,19016},{144,58,41,19173},{144,57,0,19197},{144,53,0,19296},{144,48,26,19397},{144,58,0,19401},{144,59,29,19414},{144,59,0,19692},{144,48,0,19758},{144,55,31,19787},{144,52,28,19800},{176,64,0,19835},{176,64,127,20044},{144,55,0,20131},{144,52,0,20171},{144,48,25,20229},{144,48,0,20540},{144,55,27,20577},{144,52,26,20600},{144,52,0,20858},{144,55,0,20894},{144,48,26,21012},{144,48,0,21315},{144,52,27,21404},{144,55,25,21420},{144,52,0,21667},{144,55,0,21724},{144,48,24,21824},{144,48,0,22157},{144,59,35,22181},{144,52,34,22200},{144,55,25,22202},{144,59,0,22448},{144,52,0,22468},{144,55,0,22551},{144,48,32,22602},{144,48,0,22969},{144,57,28,22973},{144,53,30,22977},{176,64,0,23014},{176,64,127,23219},{144,53,0,23295},{144,57,0,23331},{144,48,23,23400},{144,48,0,23712},{144,57,30,23754},{144,53,28,23770},{144,53,0,24044},{144,57,0,24147},{144,48,27,24184},{144,57,31,24535},{144,53,32,24559},{144,48,0,24574},{144,53,0,24832},{144,57,0,24850},{144,48,32,24944},{144,57,34,25316},{144,48,0,25324},{144,53,29,25331},{144,58,45,25470},{144,57,0,25527},{144,58,0,25686},{144,53,0,25688},{144,48,37,25701},{144,59,46,25709},{144,59,0,25987},{144,48,0,26116},{144,55,32,26143},{144,52,32,26152},{176,64,0,26249},{144,55,0,26771},{144,52,0,26784}}"], ["created_at", "2018-10-15 01:45:02.085381"], ["updated_at", "2018-10-15 01:45:02.085381"]]
  ↳ app/controllers/songs_controller.rb:16
  [1m[35m (4.3ms)[0m  [1m[35mCOMMIT[0m
  ↳ app/controllers/songs_controller.rb:16
  [1m[35m (0.2ms)[0m  [1m[35mBEGIN[0m
  ↳ app/controllers/songs_controller.rb:17
  [1m[35m (0.3ms)[0m  [1m[35mCOMMIT[0m
  ↳ app/controllers/songs_controller.rb:17
[active_model_serializers] Rendered SongSerializer with ActiveModelSerializers::Adapter::Attributes (0.16ms)
Completed 201 Created in 89ms (Views: 2.5ms | ActiveRecord: 48.2ms)


Started GET "/songs/" for ::1 at 2018-10-14 21:45:02 -0400
Processing by SongsController#index as */*
  [1m[36mSong Load (2.3ms)[0m  [1m[34mSELECT "songs".* FROM "songs"[0m
  ↳ app/controllers/songs_controller.rb:7
[active_model_serializers] Rendered ActiveModel::Serializer::CollectionSerializer with ActiveModelSerializers::Adapter::Attributes (0.67ms)
Completed 200 OK in 6ms (Views: 3.0ms | ActiveRecord: 2.3ms)


Started GET "/songs/2" for ::1 at 2018-10-14 21:45:03 -0400
Processing by SongsController#show as */*
  Parameters: {"id"=>"2"}
  [1m[36mSong Load (0.9ms)[0m  [1m[34mSELECT  "songs".* FROM "songs" WHERE "songs"."id" = $1 LIMIT $2[0m  [["id", 2], ["LIMIT", 1]]
  ↳ app/controllers/songs_controller.rb:41
[active_model_serializers] Rendered SongDataSerializer with ActiveModelSerializers::Adapter::Attributes (10.24ms)
Completed 200 OK in 18ms (Views: 11.7ms | ActiveRecord: 1.1ms)


Finished "/cable/" [WebSocket] for ::1 at 2018-10-14 21:48:14 -0400
RoomChannel stopped streaming from room_channel
Started GET "/" for ::1 at 2019-01-12 14:46:58 -0500
  [1m[35m (83.2ms)[0m  [1m[34mSELECT "schema_migrations"."version" FROM "schema_migrations" ORDER BY "schema_migrations"."version" ASC[0m
  ↳ /Users/alexneustein/.rvm/gems/ruby-2.3.3/gems/activerecord-5.2.1/lib/active_record/log_subscriber.rb:98
Processing by Rails::WelcomeController#index as HTML
  Rendering /Users/alexneustein/.rvm/gems/ruby-2.3.3/gems/railties-5.2.1/lib/rails/templates/rails/welcome/index.html.erb
  Rendered /Users/alexneustein/.rvm/gems/ruby-2.3.3/gems/railties-5.2.1/lib/rails/templates/rails/welcome/index.html.erb (4.8ms)
Completed 200 OK in 97ms (Views: 60.0ms | ActiveRecord: 0.0ms)


Started GET "/favicon.ico" for ::1 at 2019-01-12 14:47:02 -0500
  
ActionController::RoutingError (No route matches [GET] "/favicon.ico"):
  
actionpack (5.2.1) lib/action_dispatch/middleware/debug_exceptions.rb:65:in `call'
actionpack (5.2.1) lib/action_dispatch/middleware/show_exceptions.rb:33:in `call'
railties (5.2.1) lib/rails/rack/logger.rb:38:in `call_app'
railties (5.2.1) lib/rails/rack/logger.rb:26:in `block in call'
activesupport (5.2.1) lib/active_support/tagged_logging.rb:71:in `block in tagged'
activesupport (5.2.1) lib/active_support/tagged_logging.rb:28:in `tagged'
activesupport (5.2.1) lib/active_support/tagged_logging.rb:71:in `tagged'
railties (5.2.1) lib/rails/rack/logger.rb:26:in `call'
actionpack (5.2.1) lib/action_dispatch/middleware/remote_ip.rb:81:in `call'
actionpack (5.2.1) lib/action_dispatch/middleware/request_id.rb:27:in `call'
rack (2.0.5) lib/rack/runtime.rb:22:in `call'
activesupport (5.2.1) lib/active_support/cache/strategy/local_cache_middleware.rb:29:in `call'
actionpack (5.2.1) lib/action_dispatch/middleware/executor.rb:14:in `call'
actionpack (5.2.1) lib/action_dispatch/middleware/static.rb:127:in `call'
rack (2.0.5) lib/rack/sendfile.rb:111:in `call'
rack-cors (1.0.2) lib/rack/cors.rb:97:in `call'
railties (5.2.1) lib/rails/engine.rb:524:in `call'
puma (3.12.0) lib/puma/configuration.rb:225:in `call'
puma (3.12.0) lib/puma/server.rb:658:in `handle_request'
puma (3.12.0) lib/puma/server.rb:472:in `process_client'
puma (3.12.0) lib/puma/server.rb:332:in `block in run'
puma (3.12.0) lib/puma/thread_pool.rb:133:in `block in spawn_thread'
Started GET "/songs" for ::1 at 2019-01-12 14:47:06 -0500
Processing by SongsController#index as HTML
  [1m[36mSong Load (246.8ms)[0m  [1m[34mSELECT "songs".* FROM "songs"[0m
  ↳ app/controllers/songs_controller.rb:7
[active_model_serializers] Rendered ActiveModel::Serializer::CollectionSerializer with ActiveModelSerializers::Adapter::Attributes (26.75ms)
Completed 200 OK in 764ms (Views: 247.0ms | ActiveRecord: 456.8ms)


Started GET "/songs" for ::1 at 2019-01-12 15:02:42 -0500
  [1m[35m (1.8ms)[0m  [1m[34mSELECT "schema_migrations"."version" FROM "schema_migrations" ORDER BY "schema_migrations"."version" ASC[0m
  ↳ /Users/alexneustein/.rvm/gems/ruby-2.4.5/gems/activerecord-5.2.1/lib/active_record/log_subscriber.rb:98
Processing by SongsController#index as HTML
  [1m[36mSong Load (1.6ms)[0m  [1m[34mSELECT "songs".* FROM "songs"[0m
  ↳ app/controllers/songs_controller.rb:7
[active_model_serializers] Rendered ActiveModel::Serializer::CollectionSerializer with ActiveModelSerializers::Adapter::Attributes (1.2ms)
Completed 200 OK in 109ms (Views: 71.7ms | ActiveRecord: 13.5ms)


Started GET "/users" for ::1 at 2019-01-12 15:02:50 -0500
Processing by UsersController#index as HTML
  [1m[36mUser Load (76.6ms)[0m  [1m[34mSELECT "users".* FROM "users"[0m
  ↳ app/controllers/users_controller.rb:7
[active_model_serializers]   [1m[36mMessage Load (19.6ms)[0m  [1m[34mSELECT "messages".* FROM "messages" WHERE "messages"."user_id" = $1[0m  [["user_id", "1"]]
[active_model_serializers]   ↳ app/controllers/users_controller.rb:7
[active_model_serializers]   [1m[36mChannel Load (137.1ms)[0m  [1m[34mSELECT "channels".* FROM "channels" INNER JOIN "messages" ON "channels"."id" = "messages"."channel_id" WHERE "messages"."user_id" = $1[0m  [["user_id", "1"]]
[active_model_serializers]   ↳ app/controllers/users_controller.rb:7
[active_model_serializers] Rendered ActiveModel::Serializer::CollectionSerializer with ActiveModelSerializers::Adapter::Attributes (249.64ms)
Completed 200 OK in 399ms (Views: 131.8ms | ActiveRecord: 255.2ms)


  [1m[35m (5.1ms)[0m  [1m[34mSELECT "schema_migrations"."version" FROM "schema_migrations" ORDER BY "schema_migrations"."version" ASC[0m
  ↳ bin/rails:9
  [1m[35m (42.0ms)[0m  [1m[34mSELECT "ar_internal_metadata"."value" FROM "ar_internal_metadata" WHERE "ar_internal_metadata"."key" = $1[0m  [["key", "environment"]]
  ↳ bin/rails:9
  [1m[35m (0.3ms)[0m  [1m[34mSELECT "schema_migrations"."version" FROM "schema_migrations" ORDER BY "schema_migrations"."version" ASC[0m
  ↳ bin/rails:9
  [1m[35m (0.3ms)[0m  [1m[34mSELECT "ar_internal_metadata"."value" FROM "ar_internal_metadata" WHERE "ar_internal_metadata"."key" = $1[0m  [["key", "environment"]]
  ↳ bin/rails:9
  [1m[35m (0.3ms)[0m  [1m[34mSELECT "schema_migrations"."version" FROM "schema_migrations" ORDER BY "schema_migrations"."version" ASC[0m
  ↳ bin/rails:9
  [1m[35m (0.2ms)[0m  [1m[34mSELECT "ar_internal_metadata"."value" FROM "ar_internal_metadata" WHERE "ar_internal_metadata"."key" = $1[0m  [["key", "environment"]]
  ↳ bin/rails:9
  [1m[35m (8143.1ms)[0m  [1m[35mDROP DATABASE IF EXISTS "musicchan_development"[0m
  ↳ bin/rails:9
  [1m[35m (1.7ms)[0m  [1m[34mSELECT "schema_migrations"."version" FROM "schema_migrations" ORDER BY "schema_migrations"."version" ASC[0m
  ↳ bin/rails:9
  [1m[35m (1.2ms)[0m  [1m[34mSELECT "ar_internal_metadata"."value" FROM "ar_internal_metadata" WHERE "ar_internal_metadata"."key" = $1[0m  [["key", "environment"]]
  ↳ bin/rails:9
  [1m[35m (0.9ms)[0m  [1m[34mSELECT "schema_migrations"."version" FROM "schema_migrations" ORDER BY "schema_migrations"."version" ASC[0m
  ↳ bin/rails:9
  [1m[35m (0.7ms)[0m  [1m[34mSELECT "ar_internal_metadata"."value" FROM "ar_internal_metadata" WHERE "ar_internal_metadata"."key" = $1[0m  [["key", "environment"]]
  ↳ bin/rails:9
  [1m[35m (0.5ms)[0m  [1m[34mSELECT "schema_migrations"."version" FROM "schema_migrations" ORDER BY "schema_migrations"."version" ASC[0m
  ↳ bin/rails:9
  [1m[35m (0.5ms)[0m  [1m[34mSELECT "ar_internal_metadata"."value" FROM "ar_internal_metadata" WHERE "ar_internal_metadata"."key" = $1[0m  [["key", "environment"]]
  ↳ bin/rails:9
  [1m[35m (341.2ms)[0m  [1m[35mDROP DATABASE IF EXISTS "musicchan_development"[0m
  ↳ bin/rails:9
  [1m[35m (232.6ms)[0m  [1m[35mDROP DATABASE IF EXISTS "musicchan_test"[0m
  ↳ bin/rails:9
  [1m[35m (2756.1ms)[0m  [1m[35mCREATE DATABASE "musicchan_development" ENCODING = 'unicode'[0m
  ↳ bin/rails:9
  [1m[35m (1207.8ms)[0m  [1m[35mCREATE DATABASE "musicchan_test" ENCODING = 'unicode'[0m
  ↳ bin/rails:9
  [1m[35mSQL (169.8ms)[0m  [1m[35mCREATE EXTENSION IF NOT EXISTS "hstore"[0m
  ↳ db/schema.rb:16
  [1m[35mSQL (0.3ms)[0m  [1m[35mCREATE EXTENSION IF NOT EXISTS "plpgsql"[0m
  ↳ db/schema.rb:17
  [1m[35m (1.2ms)[0m  [1m[35mDROP TABLE IF EXISTS "active_storage_attachments" CASCADE[0m
  ↳ db/schema.rb:19
  [1m[35m (32.9ms)[0m  [1m[35mCREATE TABLE "active_storage_attachments" ("id" bigserial primary key, "name" character varying NOT NULL, "record_type" character varying NOT NULL, "record_id" bigint NOT NULL, "blob_id" bigint NOT NULL, "created_at" timestamp NOT NULL)[0m
  ↳ db/schema.rb:19
  [1m[35m (7.6ms)[0m  [1m[35mCREATE  INDEX  "index_active_storage_attachments_on_blob_id" ON "active_storage_attachments"  ("blob_id")[0m
  ↳ db/schema.rb:19
  [1m[35m (7.9ms)[0m  [1m[35mCREATE UNIQUE INDEX  "index_active_storage_attachments_uniqueness" ON "active_storage_attachments"  ("record_type", "record_id", "name", "blob_id")[0m
  ↳ db/schema.rb:19
  [1m[35m (0.2ms)[0m  [1m[35mDROP TABLE IF EXISTS "active_storage_blobs" CASCADE[0m
  ↳ db/schema.rb:29
  [1m[35m (20.1ms)[0m  [1m[35mCREATE TABLE "active_storage_blobs" ("id" bigserial primary key, "key" character varying NOT NULL, "filename" character varying NOT NULL, "content_type" character varying, "metadata" text, "byte_size" bigint NOT NULL, "checksum" character varying NOT NULL, "created_at" timestamp NOT NULL)[0m
  ↳ db/schema.rb:29
  [1m[35m (8.0ms)[0m  [1m[35mCREATE UNIQUE INDEX  "index_active_storage_blobs_on_key" ON "active_storage_blobs"  ("key")[0m
  ↳ db/schema.rb:29
  [1m[35m (0.3ms)[0m  [1m[35mDROP TABLE IF EXISTS "channels" CASCADE[0m
  ↳ db/schema.rb:40
  [1m[35m (20.3ms)[0m  [1m[35mCREATE TABLE "channels" ("id" bigserial primary key, "name" character varying, "created_at" timestamp NOT NULL, "updated_at" timestamp NOT NULL)[0m
  ↳ db/schema.rb:40
  [1m[35m (3.5ms)[0m  [1m[35mDROP TABLE IF EXISTS "messages" CASCADE[0m
  ↳ db/schema.rb:46
  [1m[35m (22.8ms)[0m  [1m[35mCREATE TABLE "messages" ("id" bigserial primary key, "content" character varying, "user_id" character varying, "channel_id" integer, "created_at" timestamp NOT NULL, "updated_at" timestamp NOT NULL)[0m
  ↳ db/schema.rb:46
  [1m[35m (3.5ms)[0m  [1m[35mDROP TABLE IF EXISTS "songs" CASCADE[0m
  ↳ db/schema.rb:54
  [1m[35m (21.3ms)[0m  [1m[35mCREATE TABLE "songs" ("id" bigserial primary key, "title" character varying NOT NULL, "user_id" integer, "songdata" text[] DEFAULT '{}', "created_at" timestamp NOT NULL, "updated_at" timestamp NOT NULL)[0m
  ↳ db/schema.rb:54
  [1m[35m (3.5ms)[0m  [1m[35mDROP TABLE IF EXISTS "users" CASCADE[0m
  ↳ db/schema.rb:62
  [1m[35m (20.9ms)[0m  [1m[35mCREATE TABLE "users" ("id" bigserial primary key, "name_first" character varying, "name_last" character varying, "usertype" integer, "created_at" timestamp NOT NULL, "updated_at" timestamp NOT NULL, "username" character varying, "identifier" character varying)[0m
  ↳ db/schema.rb:62
  [1m[35m (19.0ms)[0m  [1m[35mCREATE TABLE "schema_migrations" ("version" character varying NOT NULL PRIMARY KEY)[0m
  ↳ db/schema.rb:13
  [1m[35m (0.8ms)[0m  [1m[34mSELECT "schema_migrations"."version" FROM "schema_migrations" ORDER BY "schema_migrations"."version" ASC[0m
  ↳ db/schema.rb:13
  [1m[35m (5.9ms)[0m  [1m[32mINSERT INTO "schema_migrations" (version) VALUES (20181001135731)[0m
  ↳ db/schema.rb:13
  [1m[35m (3.9ms)[0m  [1m[32mINSERT INTO "schema_migrations" (version) VALUES
(20180824135731),
(20180822141152),
(20180925141011),
(20180920191055),
(20180822141201),
(20180920174101),
(20181001012859),
(20181001012860);

[0m
  ↳ db/schema.rb:13
  [1m[35m (19.7ms)[0m  [1m[35mCREATE TABLE "ar_internal_metadata" ("key" character varying NOT NULL PRIMARY KEY, "value" character varying, "created_at" timestamp NOT NULL, "updated_at" timestamp NOT NULL)[0m
  ↳ db/schema.rb:13
  [1m[36mActiveRecord::InternalMetadata Load (0.5ms)[0m  [1m[34mSELECT  "ar_internal_metadata".* FROM "ar_internal_metadata" WHERE "ar_internal_metadata"."key" = $1 LIMIT $2[0m  [["key", "environment"], ["LIMIT", 1]]
  ↳ db/schema.rb:13
  [1m[35m (0.2ms)[0m  [1m[35mBEGIN[0m
  ↳ db/schema.rb:13
  [1m[36mActiveRecord::InternalMetadata Create (41.2ms)[0m  [1m[32mINSERT INTO "ar_internal_metadata" ("key", "value", "created_at", "updated_at") VALUES ($1, $2, $3, $4) RETURNING "key"[0m  [["key", "environment"], ["value", "development"], ["created_at", "2019-01-12 20:54:03.068327"], ["updated_at", "2019-01-12 20:54:03.068327"]]
  ↳ db/schema.rb:13
  [1m[35m (3.5ms)[0m  [1m[35mCOMMIT[0m
  ↳ db/schema.rb:13
  [1m[36mActiveRecord::InternalMetadata Load (0.3ms)[0m  [1m[34mSELECT  "ar_internal_metadata".* FROM "ar_internal_metadata" WHERE "ar_internal_metadata"."key" = $1 LIMIT $2[0m  [["key", "environment"], ["LIMIT", 1]]
  ↳ bin/rails:9
  [1m[35m (0.2ms)[0m  [1m[35mBEGIN[0m
  ↳ bin/rails:9
  [1m[35m (0.3ms)[0m  [1m[35mCOMMIT[0m
  ↳ bin/rails:9
  [1m[35mSQL (114.5ms)[0m  [1m[35mCREATE EXTENSION IF NOT EXISTS "hstore"[0m
  ↳ db/schema.rb:16
  [1m[35mSQL (0.4ms)[0m  [1m[35mCREATE EXTENSION IF NOT EXISTS "plpgsql"[0m
  ↳ db/schema.rb:17
  [1m[35m (0.3ms)[0m  [1m[35mDROP TABLE IF EXISTS "active_storage_attachments" CASCADE[0m
  ↳ db/schema.rb:19
  [1m[35m (21.2ms)[0m  [1m[35mCREATE TABLE "active_storage_attachments" ("id" bigserial primary key, "name" character varying NOT NULL, "record_type" character varying NOT NULL, "record_id" bigint NOT NULL, "blob_id" bigint NOT NULL, "created_at" timestamp NOT NULL)[0m
  ↳ db/schema.rb:19
  [1m[35m (8.9ms)[0m  [1m[35mCREATE  INDEX  "index_active_storage_attachments_on_blob_id" ON "active_storage_attachments"  ("blob_id")[0m
  ↳ db/schema.rb:19
  [1m[35m (8.6ms)[0m  [1m[35mCREATE UNIQUE INDEX  "index_active_storage_attachments_uniqueness" ON "active_storage_attachments"  ("record_type", "record_id", "name", "blob_id")[0m
  ↳ db/schema.rb:19
  [1m[35m (0.3ms)[0m  [1m[35mDROP TABLE IF EXISTS "active_storage_blobs" CASCADE[0m
  ↳ db/schema.rb:29
  [1m[35m (20.2ms)[0m  [1m[35mCREATE TABLE "active_storage_blobs" ("id" bigserial primary key, "key" character varying NOT NULL, "filename" character varying NOT NULL, "content_type" character varying, "metadata" text, "byte_size" bigint NOT NULL, "checksum" character varying NOT NULL, "created_at" timestamp NOT NULL)[0m
  ↳ db/schema.rb:29
  [1m[35m (10.9ms)[0m  [1m[35mCREATE UNIQUE INDEX  "index_active_storage_blobs_on_key" ON "active_storage_blobs"  ("key")[0m
  ↳ db/schema.rb:29
  [1m[35m (0.2ms)[0m  [1m[35mDROP TABLE IF EXISTS "channels" CASCADE[0m
  ↳ db/schema.rb:40
  [1m[35m (20.1ms)[0m  [1m[35mCREATE TABLE "channels" ("id" bigserial primary key, "name" character varying, "created_at" timestamp NOT NULL, "updated_at" timestamp NOT NULL)[0m
  ↳ db/schema.rb:40
  [1m[35m (3.6ms)[0m  [1m[35mDROP TABLE IF EXISTS "messages" CASCADE[0m
  ↳ db/schema.rb:46
  [1m[35m (20.9ms)[0m  [1m[35mCREATE TABLE "messages" ("id" bigserial primary key, "content" character varying, "user_id" character varying, "channel_id" integer, "created_at" timestamp NOT NULL, "updated_at" timestamp NOT NULL)[0m
  ↳ db/schema.rb:46
  [1m[35m (3.5ms)[0m  [1m[35mDROP TABLE IF EXISTS "songs" CASCADE[0m
  ↳ db/schema.rb:54
  [1m[35m (19.9ms)[0m  [1m[35mCREATE TABLE "songs" ("id" bigserial primary key, "title" character varying NOT NULL, "user_id" integer, "songdata" text[] DEFAULT '{}', "created_at" timestamp NOT NULL, "updated_at" timestamp NOT NULL)[0m
  ↳ db/schema.rb:54
  [1m[35m (3.6ms)[0m  [1m[35mDROP TABLE IF EXISTS "users" CASCADE[0m
  ↳ db/schema.rb:62
  [1m[35m (21.7ms)[0m  [1m[35mCREATE TABLE "users" ("id" bigserial primary key, "name_first" character varying, "name_last" character varying, "usertype" integer, "created_at" timestamp NOT NULL, "updated_at" timestamp NOT NULL, "username" character varying, "identifier" character varying)[0m
  ↳ db/schema.rb:62
  [1m[35m (18.4ms)[0m  [1m[35mCREATE TABLE "schema_migrations" ("version" character varying NOT NULL PRIMARY KEY)[0m
  ↳ db/schema.rb:13
  [1m[35m (0.9ms)[0m  [1m[34mSELECT "schema_migrations"."version" FROM "schema_migrations" ORDER BY "schema_migrations"."version" ASC[0m
  ↳ db/schema.rb:13
  [1m[35m (3.7ms)[0m  [1m[32mINSERT INTO "schema_migrations" (version) VALUES (20181001135731)[0m
  ↳ db/schema.rb:13
  [1m[35m (3.6ms)[0m  [1m[32mINSERT INTO "schema_migrations" (version) VALUES
(20180824135731),
(20180822141152),
(20180925141011),
(20180920191055),
(20180822141201),
(20180920174101),
(20181001012859),
(20181001012860);

[0m
  ↳ db/schema.rb:13
  [1m[35m (21.8ms)[0m  [1m[35mCREATE TABLE "ar_internal_metadata" ("key" character varying NOT NULL PRIMARY KEY, "value" character varying, "created_at" timestamp NOT NULL, "updated_at" timestamp NOT NULL)[0m
  ↳ db/schema.rb:13
  [1m[36mActiveRecord::InternalMetadata Load (0.6ms)[0m  [1m[34mSELECT  "ar_internal_metadata".* FROM "ar_internal_metadata" WHERE "ar_internal_metadata"."key" = $1 LIMIT $2[0m  [["key", "environment"], ["LIMIT", 1]]
  ↳ db/schema.rb:13
  [1m[35m (0.2ms)[0m  [1m[35mBEGIN[0m
  ↳ db/schema.rb:13
  [1m[36mActiveRecord::InternalMetadata Create (0.5ms)[0m  [1m[32mINSERT INTO "ar_internal_metadata" ("key", "value", "created_at", "updated_at") VALUES ($1, $2, $3, $4) RETURNING "key"[0m  [["key", "environment"], ["value", "development"], ["created_at", "2019-01-12 20:54:03.511048"], ["updated_at", "2019-01-12 20:54:03.511048"]]
  ↳ db/schema.rb:13
  [1m[35m (3.4ms)[0m  [1m[35mCOMMIT[0m
  ↳ db/schema.rb:13
  [1m[36mActiveRecord::InternalMetadata Load (0.3ms)[0m  [1m[34mSELECT  "ar_internal_metadata".* FROM "ar_internal_metadata" WHERE "ar_internal_metadata"."key" = $1 LIMIT $2[0m  [["key", "environment"], ["LIMIT", 1]]
  ↳ bin/rails:9
  [1m[35m (0.1ms)[0m  [1m[35mBEGIN[0m
  ↳ bin/rails:9
  [1m[36mActiveRecord::InternalMetadata Update (0.9ms)[0m  [1m[33mUPDATE "ar_internal_metadata" SET "value" = $1, "updated_at" = $2 WHERE "ar_internal_metadata"."key" = $3[0m  [["value", "test"], ["updated_at", "2019-01-12 20:54:03.518513"], ["key", "environment"]]
  ↳ bin/rails:9
  [1m[35m (3.4ms)[0m  [1m[35mCOMMIT[0m
  ↳ bin/rails:9
  [1m[35m (1.1ms)[0m  [1m[34mSELECT "schema_migrations"."version" FROM "schema_migrations" ORDER BY "schema_migrations"."version" ASC[0m
  ↳ bin/rails:9
  [1m[35m (0.3ms)[0m  [1m[35mBEGIN[0m
  ↳ db/seeds.rb:9
  [1m[36mUser Create (8.3ms)[0m  [1m[32mINSERT INTO "users" ("name_first", "name_last", "created_at", "updated_at", "username") VALUES ($1, $2, $3, $4, $5) RETURNING "id"[0m  [["name_first", "First"], ["name_last", "User"], ["created_at", "2019-01-12 20:54:03.593881"], ["updated_at", "2019-01-12 20:54:03.593881"], ["username", "firstuser"]]
  ↳ db/seeds.rb:9
  [1m[35m (40.1ms)[0m  [1m[35mCOMMIT[0m
  ↳ db/seeds.rb:9
  [1m[35m (0.1ms)[0m  [1m[35mBEGIN[0m
  ↳ db/seeds.rb:10
  [1m[36mUser Create (0.4ms)[0m  [1m[32mINSERT INTO "users" ("name_first", "name_last", "created_at", "updated_at", "username") VALUES ($1, $2, $3, $4, $5) RETURNING "id"[0m  [["name_first", "Second"], ["name_last", "User"], ["created_at", "2019-01-12 20:54:03.650517"], ["updated_at", "2019-01-12 20:54:03.650517"], ["username", "seconduser"]]
  ↳ db/seeds.rb:10
  [1m[35m (3.4ms)[0m  [1m[35mCOMMIT[0m
  ↳ db/seeds.rb:10
Started GET "/users" for ::1 at 2019-01-12 15:54:58 -0500
  [1m[35m (1.0ms)[0m  [1m[34mSELECT "schema_migrations"."version" FROM "schema_migrations" ORDER BY "schema_migrations"."version" ASC[0m
  ↳ /Users/alexneustein/.rvm/gems/ruby-2.4.5/gems/activerecord-5.2.1/lib/active_record/log_subscriber.rb:98
Processing by UsersController#index as HTML
  [1m[36mUser Load (1.3ms)[0m  [1m[34mSELECT "users".* FROM "users"[0m
  ↳ app/controllers/users_controller.rb:7
[active_model_serializers]   [1m[36mMessage Load (0.6ms)[0m  [1m[34mSELECT "messages".* FROM "messages" WHERE "messages"."user_id" = $1[0m  [["user_id", "1"]]
[active_model_serializers]   ↳ app/controllers/users_controller.rb:7
[active_model_serializers]   [1m[36mChannel Load (0.9ms)[0m  [1m[34mSELECT "channels".* FROM "channels" INNER JOIN "messages" ON "channels"."id" = "messages"."channel_id" WHERE "messages"."user_id" = $1[0m  [["user_id", "1"]]
[active_model_serializers]   ↳ app/controllers/users_controller.rb:7
[active_model_serializers]   [1m[36mMessage Load (0.3ms)[0m  [1m[34mSELECT "messages".* FROM "messages" WHERE "messages"."user_id" = $1[0m  [["user_id", "2"]]
[active_model_serializers]   ↳ app/controllers/users_controller.rb:7
[active_model_serializers]   [1m[36mChannel Load (0.4ms)[0m  [1m[34mSELECT "channels".* FROM "channels" INNER JOIN "messages" ON "channels"."id" = "messages"."channel_id" WHERE "messages"."user_id" = $1[0m  [["user_id", "2"]]
[active_model_serializers]   ↳ app/controllers/users_controller.rb:7
[active_model_serializers] Rendered ActiveModel::Serializer::CollectionSerializer with ActiveModelSerializers::Adapter::Attributes (61.83ms)
Completed 200 OK in 146ms (Views: 108.2ms | ActiveRecord: 25.4ms)


Started GET "/songs" for ::1 at 2019-01-12 15:55:02 -0500
Processing by SongsController#index as HTML
  [1m[36mSong Load (0.9ms)[0m  [1m[34mSELECT "songs".* FROM "songs"[0m
  ↳ app/controllers/songs_controller.rb:7
[active_model_serializers] Rendered ActiveModel::Serializer::CollectionSerializer with ActiveModelSerializers::Adapter::Attributes (0.45ms)
Completed 200 OK in 14ms (Views: 4.2ms | ActiveRecord: 7.4ms)


Started GET "/messages" for ::1 at 2019-01-12 15:55:13 -0500
Processing by MessagesController#index as HTML
  [1m[36mMessage Load (1.0ms)[0m  [1m[34mSELECT "messages".* FROM "messages"[0m
  ↳ app/controllers/messages_controller.rb:8
[active_model_serializers] Rendered ActiveModel::Serializer::CollectionSerializer with ActiveModelSerializers::Adapter::Attributes (0.08ms)
Completed 200 OK in 3ms (Views: 1.7ms | ActiveRecord: 1.0ms)


Started GET "/messages" for ::1 at 2019-01-12 16:02:13 -0500
Processing by MessagesController#index as HTML
  [1m[36mMessage Load (1.1ms)[0m  [1m[34mSELECT "messages".* FROM "messages"[0m
  ↳ app/controllers/messages_controller.rb:8
[active_model_serializers] Rendered ActiveModel::Serializer::CollectionSerializer with ActiveModelSerializers::Adapter::Attributes (0.13ms)
Completed 200 OK in 15ms (Views: 3.3ms | ActiveRecord: 7.2ms)


Started GET "/messages" for ::1 at 2019-01-12 16:02:28 -0500
  [1m[35m (1.1ms)[0m  [1m[34mSELECT "schema_migrations"."version" FROM "schema_migrations" ORDER BY "schema_migrations"."version" ASC[0m
  ↳ /Users/alexneustein/.rvm/gems/ruby-2.4.5/gems/activerecord-5.2.1/lib/active_record/log_subscriber.rb:98
Processing by MessagesController#index as HTML
  [1m[36mMessage Load (0.9ms)[0m  [1m[34mSELECT "messages".* FROM "messages"[0m
  ↳ app/controllers/messages_controller.rb:8
[active_model_serializers] Rendered ActiveModel::Serializer::CollectionSerializer with ActiveModelSerializers::Adapter::Attributes (0.24ms)
Completed 200 OK in 19ms (Views: 9.4ms | ActiveRecord: 3.2ms)


Started GET "/messages" for ::1 at 2019-01-12 16:02:31 -0500
Processing by MessagesController#index as HTML
  [1m[36mMessage Load (0.9ms)[0m  [1m[34mSELECT "messages".* FROM "messages"[0m
  ↳ app/controllers/messages_controller.rb:8
[active_model_serializers] Rendered ActiveModel::Serializer::CollectionSerializer with ActiveModelSerializers::Adapter::Attributes (0.06ms)
Completed 200 OK in 3ms (Views: 1.8ms | ActiveRecord: 0.9ms)


Started GET "/users" for ::1 at 2019-01-12 16:02:35 -0500
Processing by UsersController#index as HTML
  [1m[36mUser Load (1.1ms)[0m  [1m[34mSELECT "users".* FROM "users"[0m
  ↳ app/controllers/users_controller.rb:7
[active_model_serializers]   [1m[36mMessage Load (0.5ms)[0m  [1m[34mSELECT "messages".* FROM "messages" WHERE "messages"."user_id" = $1[0m  [["user_id", "1"]]
[active_model_serializers]   ↳ app/controllers/users_controller.rb:7
[active_model_serializers]   [1m[36mChannel Load (1.0ms)[0m  [1m[34mSELECT "channels".* FROM "channels" INNER JOIN "messages" ON "channels"."id" = "messages"."channel_id" WHERE "messages"."user_id" = $1[0m  [["user_id", "1"]]
[active_model_serializers]   ↳ app/controllers/users_controller.rb:7
[active_model_serializers]   [1m[36mMessage Load (0.5ms)[0m  [1m[34mSELECT "messages".* FROM "messages" WHERE "messages"."user_id" = $1[0m  [["user_id", "2"]]
[active_model_serializers]   ↳ app/controllers/users_controller.rb:7
[active_model_serializers]   [1m[36mChannel Load (0.5ms)[0m  [1m[34mSELECT "channels".* FROM "channels" INNER JOIN "messages" ON "channels"."id" = "messages"."channel_id" WHERE "messages"."user_id" = $1[0m  [["user_id", "2"]]
[active_model_serializers]   ↳ app/controllers/users_controller.rb:7
[active_model_serializers] Rendered ActiveModel::Serializer::CollectionSerializer with ActiveModelSerializers::Adapter::Attributes (51.09ms)
Completed 200 OK in 118ms (Views: 77.3ms | ActiveRecord: 26.2ms)


